
INFO: Loading data from files
INFO: Reading file /home/mas/13/eleprdee/Documents/DBProject/input/2D_Q5_ESS_REDUCTION_LS/0.txt
INFO: Reading file /home/mas/13/eleprdee/Documents/DBProject/input/2D_Q5_ESS_REDUCTION_LS/1.txt
INFO: Reading file /home/mas/13/eleprdee/Documents/DBProject/input/2D_Q5_ESS_REDUCTION_LS/2.txt
INFO: Reading file /home/mas/13/eleprdee/Documents/DBProject/input/2D_Q5_ESS_REDUCTION_LS/3.txt
INFO: Reading file /home/mas/13/eleprdee/Documents/DBProject/input/2D_Q5_ESS_REDUCTION_LS/4.txt
INFO: Reading file /home/mas/13/eleprdee/Documents/DBProject/input/2D_Q5_ESS_REDUCTION_LS/5.txt
INFO: Reading file /home/mas/13/eleprdee/Documents/DBProject/input/2D_Q5_ESS_REDUCTION_LS/6.txt
INFO: Reading file /home/mas/13/eleprdee/Documents/DBProject/input/2D_Q5_ESS_REDUCTION_LS/7.txt
INFO: Reading file /home/mas/13/eleprdee/Documents/DBProject/input/2D_Q5_ESS_REDUCTION_LS/8.txt
INFO: Reading file /home/mas/13/eleprdee/Documents/DBProject/input/2D_Q5_ESS_REDUCTION_LS/9.txt
INFO: Reading file /home/mas/13/eleprdee/Documents/DBProject/input/2D_Q5_ESS_REDUCTION_LS/10.txt
INFO: Reading file /home/mas/13/eleprdee/Documents/DBProject/input/2D_Q5_ESS_REDUCTION_LS/11.txt
INFO: Reading file /home/mas/13/eleprdee/Documents/DBProject/input/2D_Q5_ESS_REDUCTION_LS/12.txt
INFO: Reading file /home/mas/13/eleprdee/Documents/DBProject/input/2D_Q5_ESS_REDUCTION_LS/13.txt
INFO: Reading file /home/mas/13/eleprdee/Documents/DBProject/input/2D_Q5_ESS_REDUCTION_LS/14.txt
INFO: Reading file /home/mas/13/eleprdee/Documents/DBProject/input/2D_Q5_ESS_REDUCTION_LS/15.txt
INFO: Reading file /home/mas/13/eleprdee/Documents/DBProject/input/2D_Q5_ESS_REDUCTION_LS/16.txt
INFO: Reading file /home/mas/13/eleprdee/Documents/DBProject/input/2D_Q5_ESS_REDUCTION_LS/17.txt
DEBUG: Thread 0 STARTING dimension reduction 0
DEBUG: Thread 1 STARTING dimension reduction 1
DEBUG: MSO for reducing dimension 0 using row 0 is 14.0732588377
DEBUG: MSO for reducing dimension 1 using row 0 is 34.1028480286
DEBUG: MSO for reducing dimension 0 using row 1 is 14.0790054706
DEBUG: MSO for reducing dimension 1 using row 1 is 31.9590587389
DEBUG: MSO for reducing dimension 0 using row 2 is 14.0790054706
DEBUG: MSO for reducing dimension 1 using row 2 is 29.9761435493
DEBUG: MSO for reducing dimension 0 using row 3 is 14.0790054706
DEBUG: MSO for reducing dimension 1 using row 3 is 29.1962813196
DEBUG: MSO for reducing dimension 0 using row 4 is 14.0790054706
DEBUG: MSO for reducing dimension 1 using row 4 is 27.6907132172
DEBUG: MSO for reducing dimension 0 using row 5 is 16.4256006139
DEBUG: MSO for reducing dimension 1 using row 5 is 26.7415164949
DEBUG: MSO for reducing dimension 0 using row 6 is 16.4256006139
DEBUG: MSO for reducing dimension 1 using row 6 is 8.58901098901
DEBUG: MSO for reducing dimension 0 using row 7 is 16.4200696535
DEBUG: MSO for reducing dimension 1 using row 7 is 8.58901098901
DEBUG: MSO for reducing dimension 0 using row 8 is 16.4200696535
DEBUG: MSO for reducing dimension 1 using row 8 is 8.58901098901
DEBUG: MSO for reducing dimension 1 using row 9 is 8.58901098901
DEBUG: MSO for reducing dimension 0 using row 9 is 17.1894834683
DEBUG: MSO for reducing dimension 1 using row 10 is 8.58901098901
DEBUG: MSO for reducing dimension 0 using row 10 is 17.2978919631
DEBUG: MSO for reducing dimension 1 using row 11 is 8.58901098901
DEBUG: MSO for reducing dimension 0 using row 11 is 19.8312797233
DEBUG: MSO for reducing dimension 1 using row 12 is 8.58901098901
DEBUG: MSO for reducing dimension 0 using row 12 is 19.9208767123
DEBUG: MSO for reducing dimension 1 using row 13 is 8.58901098901
DEBUG: MSO for reducing dimension 0 using row 13 is 21.0727726575
DEBUG: MSO for reducing dimension 1 using row 14 is 8.58901098901
DEBUG: MSO for reducing dimension 0 using row 14 is 25.0662234043
DEBUG: MSO for reducing dimension 1 using row 15 is 8.58901098901
DEBUG: MSO for reducing dimension 0 using row 15 is 25.0662234043
DEBUG: MSO for reducing dimension 1 using row 16 is 8.58901098901
DEBUG: MSO for reducing dimension 0 using row 16 is 25.0662234043
DEBUG: MSO for reducing dimension 1 using row 17 is 8.58901098901
DEBUG: MSO for reducing dimension 0 using row 17 is 30.3279896014
DEBUG: MSO for reducing dimension 1 using row 18 is 8.58901098901
DEBUG: MSO for reducing dimension 0 using row 18 is 30.3279896014
DEBUG: MSO for reducing dimension 1 using row 19 is 8.58901098901
DEBUG: MSO for reducing dimension 0 using row 19 is 36.0199530516
DEBUG: MSO for reducing dimension 1 using row 20 is 8.58901098901
DEBUG: MSO for reducing dimension 0 using row 20 is 36.0199530516
DEBUG: MSO for reducing dimension 1 using row 21 is 8.58901098901
DEBUG: MSO for reducing dimension 0 using row 21 is 36.0199530516
DEBUG: MSO for reducing dimension 1 using row 22 is 8.58901098901
DEBUG: MSO for reducing dimension 0 using row 22 is 36.0199530516
DEBUG: MSO for reducing dimension 1 using row 23 is 8.58901098901
DEBUG: MSO for reducing dimension 0 using row 23 is 36.0199530516
DEBUG: MSO for reducing dimension 1 using row 24 is 8.58901098901
DEBUG: MSO for reducing dimension 0 using row 24 is 36.0199530516
DEBUG: MSO for reducing dimension 1 using row 25 is 8.58901098901
DEBUG: MSO for reducing dimension 0 using row 25 is 36.0199530516
DEBUG: MSO for reducing dimension 1 using row 26 is 8.58901098901
DEBUG: MSO for reducing dimension 0 using row 26 is 36.0199530516
DEBUG: MSO for reducing dimension 1 using row 27 is 8.58901098901
DEBUG: MSO for reducing dimension 0 using row 27 is 36.0199530516
DEBUG: MSO for reducing dimension 1 using row 28 is 8.58901098901
DEBUG: MSO for reducing dimension 0 using row 28 is 36.0199530516
DEBUG: MSO for reducing dimension 1 using row 29 is 8.58901098901
DEBUG: MSO for reducing dimension 0 using row 29 is 36.0199530516
DEBUG: MSO for reducing dimension 1 using row 30 is 8.58901098901
DEBUG: MSO for reducing dimension 0 using row 30 is 36.0199530516
DEBUG: MSO for reducing dimension 1 using row 31 is 8.58901098901
DEBUG: MSO for reducing dimension 0 using row 31 is 36.0199530516
DEBUG: MSO for reducing dimension 1 using row 32 is 8.58901098901
DEBUG: MSO for reducing dimension 0 using row 32 is 36.0199530516
DEBUG: MSO for reducing dimension 1 using row 33 is 8.58901098901
DEBUG: MSO for reducing dimension 0 using row 33 is 36.0199530516
DEBUG: MSO for reducing dimension 1 using row 34 is 8.58901098901
DEBUG: MSO for reducing dimension 0 using row 34 is 36.0199530516
DEBUG: MSO for reducing dimension 1 using row 35 is 8.58901098901
DEBUG: MSO for reducing dimension 0 using row 35 is 36.0199530516
DEBUG: MSO for reducing dimension 1 using row 36 is 8.58901098901
DEBUG: MSO for reducing dimension 0 using row 36 is 36.0199530516
DEBUG: MSO for reducing dimension 1 using row 37 is 8.58901098901
DEBUG: MSO for reducing dimension 0 using row 37 is 36.0199530516
DEBUG: MSO for reducing dimension 1 using row 38 is 8.58901098901
DEBUG: MSO for reducing dimension 0 using row 38 is 36.0199530516
DEBUG: MSO for reducing dimension 1 using row 39 is 8.58901098901
DEBUG: MSO for reducing dimension 0 using row 39 is 36.0199530516
DEBUG: MSO for reducing dimension 1 using row 40 is 9.88364989448
DEBUG: MSO for reducing dimension 0 using row 40 is 36.0199530516
DEBUG: MSO for reducing dimension 1 using row 41 is 9.88364989448
DEBUG: MSO for reducing dimension 0 using row 41 is 36.0199530516
DEBUG: MSO for reducing dimension 1 using row 42 is 9.88364989448
DEBUG: MSO for reducing dimension 0 using row 42 is 36.0199530516
DEBUG: MSO for reducing dimension 1 using row 43 is 9.88364989448
DEBUG: MSO for reducing dimension 0 using row 43 is 36.0199530516
DEBUG: MSO for reducing dimension 1 using row 44 is 10.1886630228
DEBUG: MSO for reducing dimension 0 using row 44 is 36.0199530516
DEBUG: MSO for reducing dimension 1 using row 45 is 10.1886630228
DEBUG: MSO for reducing dimension 0 using row 45 is 36.0199530516
DEBUG: MSO for reducing dimension 1 using row 46 is 10.1886630228
DEBUG: MSO for reducing dimension 0 using row 46 is 36.0199530516
DEBUG: MSO for reducing dimension 1 using row 47 is 10.1886630228
DEBUG: MSO for reducing dimension 0 using row 47 is 36.0199530516
DEBUG: MSO for reducing dimension 1 using row 48 is 10.1886630228
DEBUG: MSO for reducing dimension 0 using row 48 is 36.0199530516
DEBUG: MSO for reducing dimension 1 using row 49 is 10.477799554
DEBUG: MSO for reducing dimension 0 using row 49 is 36.0199530516
DEBUG: MSO for reducing dimension 1 using row 50 is 10.477799554
DEBUG: MSO for reducing dimension 0 using row 50 is 36.0199530516
DEBUG: MSO for reducing dimension 1 using row 51 is 10.477799554
DEBUG: MSO for reducing dimension 0 using row 51 is 36.0199530516
DEBUG: MSO for reducing dimension 1 using row 52 is 10.477799554
DEBUG: MSO for reducing dimension 0 using row 52 is 36.0199530516
DEBUG: MSO for reducing dimension 1 using row 53 is 10.477799554
DEBUG: MSO for reducing dimension 0 using row 53 is 36.0199530516
DEBUG: MSO for reducing dimension 1 using row 54 is 10.477799554
DEBUG: MSO for reducing dimension 0 using row 54 is 36.0199530516
DEBUG: MSO for reducing dimension 1 using row 55 is 10.8905830971
DEBUG: MSO for reducing dimension 0 using row 55 is 36.0199530516
DEBUG: MSO for reducing dimension 1 using row 56 is 10.8905830971
DEBUG: MSO for reducing dimension 0 using row 56 is 36.0199530516
DEBUG: MSO for reducing dimension 1 using row 57 is 10.8905830971
DEBUG: MSO for reducing dimension 0 using row 57 is 36.0199530516
DEBUG: MSO for reducing dimension 1 using row 58 is 10.8905830971
DEBUG: MSO for reducing dimension 0 using row 58 is 36.0199530516
DEBUG: MSO for reducing dimension 1 using row 59 is 10.8905830971
DEBUG: MSO for reducing dimension 0 using row 59 is 36.0199530516
DEBUG: MSO for reducing dimension 1 using row 60 is 10.8905830971
DEBUG: MSO for reducing dimension 0 using row 60 is 36.0199530516
DEBUG: MSO for reducing dimension 1 using row 61 is 10.8905830971
DEBUG: MSO for reducing dimension 0 using row 61 is 36.0199530516
DEBUG: MSO for reducing dimension 1 using row 62 is 10.8905830971
DEBUG: MSO for reducing dimension 0 using row 62 is 36.0199530516
DEBUG: MSO for reducing dimension 1 using row 63 is 10.8905830971
DEBUG: MSO for reducing dimension 0 using row 63 is 36.0199530516
DEBUG: MSO for reducing dimension 1 using row 64 is 11.4076371046
DEBUG: MSO for reducing dimension 0 using row 64 is 36.0199530516
DEBUG: MSO for reducing dimension 1 using row 65 is 11.4076371046
DEBUG: MSO for reducing dimension 0 using row 65 is 36.0199530516
DEBUG: MSO for reducing dimension 1 using row 66 is 11.4076371046
DEBUG: MSO for reducing dimension 0 using row 66 is 36.0199530516
DEBUG: MSO for reducing dimension 1 using row 67 is 11.4076371046
DEBUG: MSO for reducing dimension 0 using row 67 is 36.0199530516
DEBUG: MSO for reducing dimension 1 using row 68 is 11.4076371046
DEBUG: MSO for reducing dimension 0 using row 68 is 36.0199530516
DEBUG: MSO for reducing dimension 1 using row 69 is 11.4076371046
DEBUG: MSO for reducing dimension 0 using row 69 is 36.0199530516
DEBUG: MSO for reducing dimension 1 using row 70 is 11.4076371046
DEBUG: MSO for reducing dimension 0 using row 70 is 36.0199530516
DEBUG: MSO for reducing dimension 1 using row 71 is 11.4076371046
DEBUG: MSO for reducing dimension 0 using row 71 is 36.0199530516
DEBUG: MSO for reducing dimension 1 using row 72 is 11.4076371046
DEBUG: MSO for reducing dimension 0 using row 72 is 36.0199530516
DEBUG: MSO for reducing dimension 1 using row 73 is 11.4076371046
DEBUG: MSO for reducing dimension 0 using row 73 is 36.0199530516
DEBUG: MSO for reducing dimension 1 using row 74 is 11.4076371046
DEBUG: MSO for reducing dimension 0 using row 74 is 36.0199530516
DEBUG: MSO for reducing dimension 1 using row 75 is 12.0070841889
DEBUG: MSO for reducing dimension 0 using row 75 is 36.0199530516
DEBUG: MSO for reducing dimension 1 using row 76 is 12.0070841889
DEBUG: MSO for reducing dimension 0 using row 76 is 36.0199530516
DEBUG: MSO for reducing dimension 1 using row 77 is 12.0070841889
DEBUG: MSO for reducing dimension 0 using row 77 is 36.0199530516
DEBUG: MSO for reducing dimension 1 using row 78 is 12.0070841889
DEBUG: MSO for reducing dimension 0 using row 78 is 36.0199530516
DEBUG: MSO for reducing dimension 1 using row 79 is 12.0070841889
DEBUG: MSO for reducing dimension 0 using row 79 is 36.0199530516
DEBUG: MSO for reducing dimension 1 using row 80 is 12.0070841889
DEBUG: MSO for reducing dimension 0 using row 80 is 36.0199530516
DEBUG: MSO for reducing dimension 1 using row 81 is 12.0070841889
DEBUG: MSO for reducing dimension 0 using row 81 is 36.0199530516
DEBUG: MSO for reducing dimension 1 using row 82 is 12.0070841889
DEBUG: MSO for reducing dimension 0 using row 82 is 36.0199530516
DEBUG: MSO for reducing dimension 1 using row 83 is 12.0070841889
DEBUG: MSO for reducing dimension 0 using row 83 is 36.0199530516
DEBUG: MSO for reducing dimension 1 using row 84 is 12.0070841889
DEBUG: MSO for reducing dimension 0 using row 84 is 36.0199530516
DEBUG: MSO for reducing dimension 1 using row 85 is 12.0070841889
DEBUG: MSO for reducing dimension 0 using row 85 is 36.0199530516
DEBUG: MSO for reducing dimension 1 using row 86 is 12.0070841889
DEBUG: MSO for reducing dimension 0 using row 86 is 36.0199530516
DEBUG: MSO for reducing dimension 1 using row 87 is 12.0070841889
DEBUG: MSO for reducing dimension 0 using row 87 is 36.0199530516
DEBUG: MSO for reducing dimension 1 using row 88 is 12.0070841889
DEBUG: MSO for reducing dimension 0 using row 88 is 36.0199530516
DEBUG: MSO for reducing dimension 1 using row 89 is 12.0070841889
DEBUG: MSO for reducing dimension 0 using row 89 is 36.0199530516
DEBUG: MSO for reducing dimension 1 using row 90 is 12.0070841889
DEBUG: MSO for reducing dimension 0 using row 90 is 36.0199530516
DEBUG: MSO for reducing dimension 1 using row 91 is 12.0070841889
DEBUG: MSO for reducing dimension 0 using row 91 is 36.0199530516
DEBUG: MSO for reducing dimension 1 using row 92 is 12.9267648169
DEBUG: MSO for reducing dimension 0 using row 92 is 36.0199530516
DEBUG: MSO for reducing dimension 1 using row 93 is 12.9267648169
DEBUG: MSO for reducing dimension 0 using row 93 is 36.0199530516
DEBUG: MSO for reducing dimension 1 using row 94 is 12.9267648169
DEBUG: MSO for reducing dimension 0 using row 94 is 36.0199530516
DEBUG: MSO for reducing dimension 1 using row 95 is 12.9267648169
DEBUG: MSO for reducing dimension 0 using row 95 is 36.0199530516
DEBUG: MSO for reducing dimension 1 using row 96 is 12.9267648169
DEBUG: MSO for reducing dimension 0 using row 96 is 36.0199530516
DEBUG: MSO for reducing dimension 1 using row 97 is 12.9267648169
DEBUG: MSO for reducing dimension 0 using row 97 is 36.0199530516
DEBUG: MSO for reducing dimension 1 using row 98 is 12.9267648169
DEBUG: MSO for reducing dimension 0 using row 98 is 36.0199530516
DEBUG: MSO for reducing dimension 1 using row 99 is 12.9267648169
DEBUG: MSO for reducing dimension 0 using row 99 is 36.0199530516
DEBUG: MSO for reducing dimension 1 using row 100 is 12.9267648169
DEBUG: MSO for reducing dimension 0 using row 100 is 36.0199530516
DEBUG: MSO for reducing dimension 1 using row 101 is 12.9267648169
DEBUG: MSO for reducing dimension 0 using row 101 is 36.0199530516
DEBUG: MSO for reducing dimension 1 using row 102 is 12.9267648169
DEBUG: MSO for reducing dimension 0 using row 102 is 36.3615023474
DEBUG: MSO for reducing dimension 1 using row 103 is 12.9267648169
DEBUG: MSO for reducing dimension 0 using row 103 is 36.3615023474
DEBUG: MSO for reducing dimension 1 using row 104 is 12.9267648169
DEBUG: MSO for reducing dimension 0 using row 104 is 36.3615023474
DEBUG: MSO for reducing dimension 1 using row 105 is 12.9267648169
DEBUG: MSO for reducing dimension 0 using row 105 is 36.3615023474
DEBUG: MSO for reducing dimension 1 using row 106 is 12.9267648169
DEBUG: MSO for reducing dimension 0 using row 106 is 36.3615023474
DEBUG: MSO for reducing dimension 1 using row 107 is 12.9267648169
DEBUG: MSO for reducing dimension 0 using row 107 is 36.3615023474
DEBUG: MSO for reducing dimension 1 using row 108 is 12.9267648169
DEBUG: MSO for reducing dimension 0 using row 108 is 36.3615023474
DEBUG: MSO for reducing dimension 1 using row 109 is 12.9267648169
DEBUG: MSO for reducing dimension 0 using row 109 is 36.3615023474
DEBUG: MSO for reducing dimension 1 using row 110 is 12.9267648169
DEBUG: MSO for reducing dimension 0 using row 110 is 36.3615023474
DEBUG: MSO for reducing dimension 1 using row 111 is 12.9267648169
DEBUG: MSO for reducing dimension 0 using row 111 is 36.3615023474
DEBUG: MSO for reducing dimension 1 using row 112 is 12.9267648169
DEBUG: MSO for reducing dimension 0 using row 112 is 36.3615023474
DEBUG: MSO for reducing dimension 1 using row 113 is 12.9267648169
DEBUG: MSO for reducing dimension 0 using row 113 is 36.3615023474
DEBUG: MSO for reducing dimension 1 using row 114 is 12.9267648169
DEBUG: MSO for reducing dimension 0 using row 114 is 36.3615023474
DEBUG: MSO for reducing dimension 1 using row 115 is 12.9267648169
DEBUG: MSO for reducing dimension 0 using row 115 is 36.3615023474
DEBUG: MSO for reducing dimension 1 using row 116 is 12.9267648169
DEBUG: MSO for reducing dimension 0 using row 116 is 36.3615023474
DEBUG: MSO for reducing dimension 1 using row 117 is 12.9267648169
DEBUG: MSO for reducing dimension 0 using row 117 is 36.3615023474
DEBUG: MSO for reducing dimension 1 using row 118 is 12.9267648169
DEBUG: MSO for reducing dimension 0 using row 118 is 36.3615023474
DEBUG: MSO for reducing dimension 1 using row 119 is 12.9267648169
DEBUG: MSO for reducing dimension 0 using row 119 is 36.3615023474
DEBUG: MSO for reducing dimension 1 using row 120 is 14.3817292007
DEBUG: MSO for reducing dimension 0 using row 120 is 36.3615023474
DEBUG: MSO for reducing dimension 1 using row 121 is 14.3817292007
DEBUG: MSO for reducing dimension 0 using row 121 is 36.3615023474
DEBUG: MSO for reducing dimension 1 using row 122 is 14.3817292007
DEBUG: MSO for reducing dimension 0 using row 122 is 36.3615023474
DEBUG: MSO for reducing dimension 1 using row 123 is 14.3817292007
DEBUG: MSO for reducing dimension 0 using row 123 is 36.3615023474
DEBUG: MSO for reducing dimension 1 using row 124 is 14.3817292007
DEBUG: MSO for reducing dimension 0 using row 124 is 36.3615023474
DEBUG: MSO for reducing dimension 1 using row 125 is 14.3817292007
DEBUG: MSO for reducing dimension 0 using row 125 is 36.3615023474
DEBUG: MSO for reducing dimension 1 using row 126 is 14.3817292007
DEBUG: MSO for reducing dimension 0 using row 126 is 36.3615023474
DEBUG: MSO for reducing dimension 1 using row 127 is 14.3817292007
DEBUG: MSO for reducing dimension 0 using row 127 is 36.3615023474
DEBUG: MSO for reducing dimension 1 using row 128 is 14.3817292007
DEBUG: MSO for reducing dimension 0 using row 128 is 36.3615023474
DEBUG: MSO for reducing dimension 1 using row 129 is 14.3817292007
DEBUG: MSO for reducing dimension 0 using row 129 is 36.3615023474
DEBUG: MSO for reducing dimension 1 using row 130 is 14.3817292007
DEBUG: MSO for reducing dimension 0 using row 130 is 36.3615023474
DEBUG: MSO for reducing dimension 1 using row 131 is 14.3817292007
DEBUG: MSO for reducing dimension 0 using row 131 is 36.3615023474
DEBUG: MSO for reducing dimension 1 using row 132 is 14.3817292007
DEBUG: MSO for reducing dimension 0 using row 132 is 36.3615023474
DEBUG: MSO for reducing dimension 1 using row 133 is 14.3817292007
DEBUG: MSO for reducing dimension 0 using row 133 is 36.3615023474
DEBUG: MSO for reducing dimension 1 using row 134 is 14.3817292007
DEBUG: MSO for reducing dimension 0 using row 134 is 36.3615023474
DEBUG: MSO for reducing dimension 1 using row 135 is 14.3817292007
DEBUG: MSO for reducing dimension 0 using row 135 is 36.3615023474
DEBUG: MSO for reducing dimension 1 using row 136 is 14.3817292007
DEBUG: MSO for reducing dimension 0 using row 136 is 36.3615023474
DEBUG: MSO for reducing dimension 1 using row 137 is 14.3817292007
DEBUG: MSO for reducing dimension 0 using row 137 is 36.3615023474
DEBUG: MSO for reducing dimension 1 using row 138 is 14.3817292007
DEBUG: MSO for reducing dimension 0 using row 138 is 36.3615023474
DEBUG: MSO for reducing dimension 1 using row 139 is 14.3817292007
DEBUG: MSO for reducing dimension 0 using row 139 is 36.3615023474
DEBUG: MSO for reducing dimension 1 using row 140 is 14.3817292007
DEBUG: MSO for reducing dimension 0 using row 140 is 36.3615023474
DEBUG: MSO for reducing dimension 1 using row 141 is 14.3817292007
DEBUG: MSO for reducing dimension 0 using row 141 is 36.3615023474
DEBUG: MSO for reducing dimension 1 using row 142 is 14.3817292007
DEBUG: MSO for reducing dimension 0 using row 142 is 36.3615023474
DEBUG: MSO for reducing dimension 1 using row 143 is 14.3817292007
DEBUG: MSO for reducing dimension 0 using row 143 is 36.3615023474
DEBUG: MSO for reducing dimension 1 using row 144 is 14.3817292007
DEBUG: MSO for reducing dimension 0 using row 144 is 36.3615023474
DEBUG: MSO for reducing dimension 1 using row 145 is 14.3817292007
DEBUG: MSO for reducing dimension 0 using row 145 is 36.3615023474
DEBUG: MSO for reducing dimension 1 using row 146 is 14.3817292007
DEBUG: MSO for reducing dimension 0 using row 146 is 36.3615023474
DEBUG: MSO for reducing dimension 1 using row 147 is 14.3817292007
DEBUG: MSO for reducing dimension 0 using row 147 is 36.3615023474
DEBUG: MSO for reducing dimension 1 using row 148 is 14.3817292007
DEBUG: MSO for reducing dimension 0 using row 148 is 36.3615023474
DEBUG: MSO for reducing dimension 1 using row 149 is 14.3817292007
DEBUG: MSO for reducing dimension 0 using row 149 is 36.3615023474
DEBUG: MSO for reducing dimension 1 using row 150 is 14.3817292007
DEBUG: MSO for reducing dimension 0 using row 150 is 36.3615023474
DEBUG: MSO for reducing dimension 1 using row 151 is 14.3817292007
DEBUG: MSO for reducing dimension 0 using row 151 is 36.3615023474
DEBUG: MSO for reducing dimension 1 using row 152 is 14.3817292007
DEBUG: MSO for reducing dimension 0 using row 152 is 36.3615023474
DEBUG: MSO for reducing dimension 1 using row 153 is 14.3817292007
DEBUG: MSO for reducing dimension 0 using row 153 is 36.3615023474
DEBUG: MSO for reducing dimension 1 using row 154 is 14.3817292007
DEBUG: MSO for reducing dimension 0 using row 154 is 36.3615023474
DEBUG: MSO for reducing dimension 1 using row 155 is 14.3817292007
DEBUG: MSO for reducing dimension 0 using row 155 is 36.3615023474
DEBUG: MSO for reducing dimension 1 using row 156 is 14.3817292007
DEBUG: MSO for reducing dimension 0 using row 156 is 36.3615023474
DEBUG: MSO for reducing dimension 1 using row 157 is 14.3817292007
DEBUG: MSO for reducing dimension 0 using row 157 is 36.3615023474
DEBUG: MSO for reducing dimension 1 using row 158 is 14.3817292007
DEBUG: MSO for reducing dimension 0 using row 158 is 36.3615023474
DEBUG: MSO for reducing dimension 1 using row 159 is 14.3817292007
DEBUG: MSO for reducing dimension 0 using row 159 is 36.3615023474
DEBUG: MSO for reducing dimension 1 using row 160 is 14.3817292007
DEBUG: MSO for reducing dimension 0 using row 160 is 36.3615023474
DEBUG: MSO for reducing dimension 1 using row 161 is 14.3817292007
DEBUG: MSO for reducing dimension 0 using row 161 is 36.3615023474
DEBUG: MSO for reducing dimension 1 using row 162 is 14.3817292007
DEBUG: MSO for reducing dimension 0 using row 162 is 36.3615023474
DEBUG: MSO for reducing dimension 1 using row 163 is 16.5209383907
DEBUG: MSO for reducing dimension 0 using row 163 is 36.3615023474
DEBUG: MSO for reducing dimension 1 using row 164 is 16.5209383907
DEBUG: MSO for reducing dimension 0 using row 164 is 36.3615023474
DEBUG: MSO for reducing dimension 1 using row 165 is 16.5209383907
DEBUG: MSO for reducing dimension 0 using row 165 is 36.3615023474
DEBUG: MSO for reducing dimension 1 using row 166 is 16.5209383907
DEBUG: MSO for reducing dimension 0 using row 166 is 36.3615023474
DEBUG: MSO for reducing dimension 1 using row 167 is 16.5209383907
DEBUG: MSO for reducing dimension 0 using row 167 is 36.3615023474
DEBUG: MSO for reducing dimension 1 using row 168 is 16.5209383907
DEBUG: MSO for reducing dimension 0 using row 168 is 36.3615023474
DEBUG: MSO for reducing dimension 1 using row 169 is 16.5209383907
DEBUG: MSO for reducing dimension 0 using row 169 is 36.3615023474
DEBUG: MSO for reducing dimension 1 using row 170 is 16.5209383907
DEBUG: MSO for reducing dimension 0 using row 170 is 36.3615023474
DEBUG: MSO for reducing dimension 1 using row 171 is 16.5209383907
DEBUG: MSO for reducing dimension 0 using row 171 is 36.3615023474
DEBUG: MSO for reducing dimension 1 using row 172 is 16.5209383907
DEBUG: MSO for reducing dimension 0 using row 172 is 36.3615023474
DEBUG: MSO for reducing dimension 1 using row 173 is 16.5209383907
DEBUG: MSO for reducing dimension 0 using row 173 is 36.3615023474
DEBUG: MSO for reducing dimension 1 using row 174 is 16.5209383907
DEBUG: MSO for reducing dimension 0 using row 174 is 36.3615023474
DEBUG: MSO for reducing dimension 1 using row 175 is 16.5209383907
DEBUG: MSO for reducing dimension 0 using row 175 is 36.3615023474
DEBUG: MSO for reducing dimension 1 using row 176 is 16.5209383907
DEBUG: MSO for reducing dimension 0 using row 176 is 36.3615023474
DEBUG: MSO for reducing dimension 1 using row 177 is 16.5209383907
DEBUG: MSO for reducing dimension 0 using row 177 is 36.3615023474
DEBUG: MSO for reducing dimension 1 using row 178 is 16.5209383907
DEBUG: MSO for reducing dimension 0 using row 178 is 36.3615023474
DEBUG: MSO for reducing dimension 1 using row 179 is 16.5209383907
DEBUG: MSO for reducing dimension 0 using row 179 is 36.3615023474
DEBUG: MSO for reducing dimension 1 using row 180 is 16.5209383907
DEBUG: MSO for reducing dimension 0 using row 180 is 36.3615023474
DEBUG: MSO for reducing dimension 1 using row 181 is 16.5209383907
DEBUG: MSO for reducing dimension 0 using row 181 is 36.3615023474
DEBUG: MSO for reducing dimension 1 using row 182 is 16.5209383907
DEBUG: MSO for reducing dimension 0 using row 182 is 36.3615023474
DEBUG: MSO for reducing dimension 1 using row 183 is 16.5209383907
DEBUG: MSO for reducing dimension 0 using row 183 is 36.3615023474
DEBUG: MSO for reducing dimension 1 using row 184 is 16.5209383907
DEBUG: MSO for reducing dimension 0 using row 184 is 36.3615023474
DEBUG: MSO for reducing dimension 1 using row 185 is 16.5209383907
DEBUG: MSO for reducing dimension 0 using row 185 is 36.3615023474
DEBUG: MSO for reducing dimension 1 using row 186 is 16.5209383907
DEBUG: MSO for reducing dimension 0 using row 186 is 36.3615023474
DEBUG: MSO for reducing dimension 1 using row 187 is 16.5209383907
DEBUG: MSO for reducing dimension 0 using row 187 is 36.3615023474
DEBUG: MSO for reducing dimension 1 using row 188 is 16.5209383907
DEBUG: MSO for reducing dimension 0 using row 188 is 36.3615023474
DEBUG: MSO for reducing dimension 1 using row 189 is 16.5209383907
DEBUG: MSO for reducing dimension 0 using row 189 is 36.3615023474
DEBUG: MSO for reducing dimension 0 using row 190 is 36.3615023474
DEBUG: MSO for reducing dimension 1 using row 190 is 16.5209383907
DEBUG: MSO for reducing dimension 0 using row 191 is 36.3615023474
DEBUG: MSO for reducing dimension 1 using row 191 is 16.5209383907
DEBUG: MSO for reducing dimension 1 using row 192 is 16.5209383907
DEBUG: MSO for reducing dimension 0 using row 192 is 36.3615023474
DEBUG: MSO for reducing dimension 1 using row 193 is 16.5209383907
DEBUG: MSO for reducing dimension 0 using row 193 is 36.3615023474
DEBUG: MSO for reducing dimension 1 using row 194 is 16.5209383907
DEBUG: MSO for reducing dimension 0 using row 194 is 36.3615023474
DEBUG: MSO for reducing dimension 1 using row 195 is 16.5209383907
DEBUG: MSO for reducing dimension 0 using row 195 is 36.3615023474
DEBUG: MSO for reducing dimension 1 using row 196 is 16.5209383907
DEBUG: MSO for reducing dimension 0 using row 196 is 36.3615023474
DEBUG: MSO for reducing dimension 1 using row 197 is 16.5209383907
DEBUG: MSO for reducing dimension 0 using row 197 is 36.3615023474
DEBUG: MSO for reducing dimension 1 using row 198 is 16.5209383907
DEBUG: MSO for reducing dimension 0 using row 198 is 36.3615023474
DEBUG: MSO for reducing dimension 1 using row 199 is 16.5209383907
DEBUG: MSO for reducing dimension 0 using row 199 is 36.3615023474
DEBUG: MSO for reducing dimension 1 using row 200 is 16.5209383907
DEBUG: MSO for reducing dimension 0 using row 200 is 36.3615023474
DEBUG: MSO for reducing dimension 1 using row 201 is 16.5209383907
DEBUG: MSO for reducing dimension 0 using row 201 is 36.3615023474
DEBUG: MSO for reducing dimension 1 using row 202 is 16.5209383907
DEBUG: MSO for reducing dimension 0 using row 202 is 36.3615023474
DEBUG: MSO for reducing dimension 1 using row 203 is 16.5209383907
DEBUG: MSO for reducing dimension 0 using row 203 is 36.3615023474
DEBUG: MSO for reducing dimension 1 using row 204 is 16.5209383907
DEBUG: MSO for reducing dimension 0 using row 204 is 36.3615023474
DEBUG: MSO for reducing dimension 1 using row 205 is 16.5209383907
DEBUG: MSO for reducing dimension 0 using row 205 is 36.3615023474
DEBUG: MSO for reducing dimension 1 using row 206 is 16.5209383907
DEBUG: MSO for reducing dimension 0 using row 206 is 36.3615023474
DEBUG: MSO for reducing dimension 1 using row 207 is 16.5209383907
DEBUG: MSO for reducing dimension 0 using row 207 is 36.3615023474
DEBUG: MSO for reducing dimension 1 using row 208 is 16.5209383907
DEBUG: MSO for reducing dimension 0 using row 208 is 36.3615023474
DEBUG: MSO for reducing dimension 1 using row 209 is 16.5209383907
DEBUG: MSO for reducing dimension 0 using row 209 is 36.3615023474
DEBUG: MSO for reducing dimension 1 using row 210 is 16.5209383907
DEBUG: MSO for reducing dimension 0 using row 210 is 36.3615023474
DEBUG: MSO for reducing dimension 1 using row 211 is 16.5209383907
DEBUG: MSO for reducing dimension 0 using row 211 is 36.3615023474
DEBUG: MSO for reducing dimension 1 using row 212 is 16.5209383907
DEBUG: MSO for reducing dimension 0 using row 212 is 36.3615023474
DEBUG: MSO for reducing dimension 1 using row 213 is 16.5209383907
DEBUG: MSO for reducing dimension 0 using row 213 is 36.3615023474
DEBUG: MSO for reducing dimension 1 using row 214 is 16.5209383907
DEBUG: MSO for reducing dimension 0 using row 214 is 36.3615023474
DEBUG: MSO for reducing dimension 1 using row 215 is 16.5209383907
DEBUG: MSO for reducing dimension 0 using row 215 is 36.3615023474
DEBUG: MSO for reducing dimension 1 using row 216 is 16.5209383907
DEBUG: MSO for reducing dimension 0 using row 216 is 36.3615023474
DEBUG: MSO for reducing dimension 1 using row 217 is 16.5209383907
DEBUG: MSO for reducing dimension 0 using row 217 is 36.3615023474
DEBUG: MSO for reducing dimension 1 using row 218 is 16.5209383907
DEBUG: MSO for reducing dimension 0 using row 218 is 36.3615023474
DEBUG: MSO for reducing dimension 1 using row 219 is 16.5209383907
DEBUG: MSO for reducing dimension 0 using row 219 is 36.3615023474
DEBUG: MSO for reducing dimension 1 using row 220 is 16.5209383907
DEBUG: MSO for reducing dimension 0 using row 220 is 36.3615023474
DEBUG: MSO for reducing dimension 0 using row 221 is 36.3615023474
DEBUG: MSO for reducing dimension 1 using row 221 is 16.5209383907
DEBUG: MSO for reducing dimension 0 using row 222 is 36.3615023474
DEBUG: MSO for reducing dimension 1 using row 222 is 16.5209383907
DEBUG: MSO for reducing dimension 0 using row 223 is 36.3615023474
DEBUG: MSO for reducing dimension 1 using row 223 is 16.5209383907
DEBUG: MSO for reducing dimension 0 using row 224 is 36.3615023474
DEBUG: MSO for reducing dimension 1 using row 224 is 16.5209383907
DEBUG: MSO for reducing dimension 0 using row 225 is 36.3615023474
DEBUG: MSO for reducing dimension 1 using row 225 is 16.5209383907
DEBUG: MSO for reducing dimension 0 using row 226 is 36.3615023474
DEBUG: MSO for reducing dimension 1 using row 226 is 16.5209383907
DEBUG: MSO for reducing dimension 0 using row 227 is 36.3615023474
DEBUG: MSO for reducing dimension 1 using row 227 is 16.5209383907
DEBUG: MSO for reducing dimension 0 using row 228 is 36.3615023474
DEBUG: MSO for reducing dimension 1 using row 228 is 16.5209383907
DEBUG: MSO for reducing dimension 0 using row 229 is 36.3615023474
DEBUG: MSO for reducing dimension 1 using row 229 is 16.5209383907
DEBUG: MSO for reducing dimension 0 using row 230 is 36.3615023474
DEBUG: MSO for reducing dimension 1 using row 230 is 16.5209383907
DEBUG: MSO for reducing dimension 0 using row 231 is 36.3615023474
DEBUG: MSO for reducing dimension 1 using row 231 is 16.5209383907
DEBUG: MSO for reducing dimension 0 using row 232 is 36.3615023474
DEBUG: MSO for reducing dimension 1 using row 232 is 16.5209383907
DEBUG: MSO for reducing dimension 0 using row 233 is 36.3615023474
DEBUG: MSO for reducing dimension 1 using row 233 is 16.5209383907
DEBUG: MSO for reducing dimension 0 using row 234 is 36.3615023474
DEBUG: MSO for reducing dimension 1 using row 234 is 16.5209383907
DEBUG: MSO for reducing dimension 0 using row 235 is 36.3615023474
DEBUG: MSO for reducing dimension 1 using row 235 is 16.5209383907
DEBUG: MSO for reducing dimension 0 using row 236 is 36.3615023474
DEBUG: MSO for reducing dimension 1 using row 236 is 16.5209383907
DEBUG: MSO for reducing dimension 0 using row 237 is 36.3615023474
DEBUG: MSO for reducing dimension 1 using row 237 is 16.5209383907
DEBUG: MSO for reducing dimension 0 using row 238 is 36.3615023474
DEBUG: MSO for reducing dimension 1 using row 238 is 16.5209383907
DEBUG: MSO for reducing dimension 0 using row 239 is 36.3615023474
DEBUG: MSO for reducing dimension 1 using row 239 is 16.5209383907
DEBUG: MSO for reducing dimension 0 using row 240 is 36.3615023474
DEBUG: MSO for reducing dimension 1 using row 240 is 16.5209383907
DEBUG: MSO for reducing dimension 0 using row 241 is 36.3615023474
DEBUG: MSO for reducing dimension 1 using row 241 is 16.5209383907
DEBUG: MSO for reducing dimension 0 using row 242 is 36.3615023474
DEBUG: MSO for reducing dimension 1 using row 242 is 16.5209383907
DEBUG: MSO for reducing dimension 0 using row 243 is 36.3615023474
DEBUG: MSO for reducing dimension 1 using row 243 is 16.5209383907
DEBUG: MSO for reducing dimension 0 using row 244 is 36.3615023474
DEBUG: MSO for reducing dimension 1 using row 244 is 16.5209383907
DEBUG: MSO for reducing dimension 0 using row 245 is 36.3615023474
DEBUG: MSO for reducing dimension 1 using row 245 is 16.5209383907
DEBUG: MSO for reducing dimension 0 using row 246 is 36.3615023474
DEBUG: MSO for reducing dimension 1 using row 246 is 16.5209383907
DEBUG: MSO for reducing dimension 0 using row 247 is 36.3615023474
DEBUG: MSO for reducing dimension 1 using row 247 is 16.5209383907
DEBUG: MSO for reducing dimension 0 using row 248 is 36.3615023474
DEBUG: MSO for reducing dimension 1 using row 248 is 16.5209383907
DEBUG: MSO for reducing dimension 0 using row 249 is 36.3615023474
DEBUG: MSO for reducing dimension 1 using row 249 is 16.5209383907
DEBUG: MSO for reducing dimension 0 using row 250 is 36.3615023474
DEBUG: MSO for reducing dimension 1 using row 250 is 16.5209383907
DEBUG: MSO for reducing dimension 0 using row 251 is 36.3615023474
DEBUG: MSO for reducing dimension 1 using row 251 is 16.5209383907
DEBUG: MSO for reducing dimension 0 using row 252 is 36.3615023474
DEBUG: MSO for reducing dimension 1 using row 252 is 16.5209383907
DEBUG: MSO for reducing dimension 0 using row 253 is 36.3615023474
DEBUG: MSO for reducing dimension 1 using row 253 is 16.5209383907
DEBUG: MSO for reducing dimension 0 using row 254 is 36.3615023474
DEBUG: MSO for reducing dimension 1 using row 254 is 16.5209383907
DEBUG: MSO for reducing dimension 0 using row 255 is 36.3615023474
DEBUG: MSO for reducing dimension 1 using row 255 is 16.5209383907
DEBUG: MSO for reducing dimension 0 using row 256 is 36.3615023474
DEBUG: MSO for reducing dimension 1 using row 256 is 16.5209383907
DEBUG: MSO for reducing dimension 0 using row 257 is 36.3615023474
DEBUG: MSO for reducing dimension 1 using row 257 is 16.5209383907
DEBUG: MSO for reducing dimension 0 using row 258 is 36.3615023474
DEBUG: MSO for reducing dimension 1 using row 258 is 16.5209383907
DEBUG: MSO for reducing dimension 0 using row 259 is 36.3615023474
DEBUG: MSO for reducing dimension 1 using row 259 is 16.5209383907
DEBUG: MSO for reducing dimension 0 using row 260 is 36.3615023474
DEBUG: MSO for reducing dimension 1 using row 260 is 16.5209383907
DEBUG: MSO for reducing dimension 0 using row 261 is 36.3615023474
DEBUG: MSO for reducing dimension 1 using row 261 is 16.5209383907
DEBUG: MSO for reducing dimension 0 using row 262 is 36.3615023474
DEBUG: MSO for reducing dimension 1 using row 262 is 16.5209383907
DEBUG: MSO for reducing dimension 0 using row 263 is 36.3615023474
DEBUG: MSO for reducing dimension 1 using row 263 is 16.5209383907
DEBUG: MSO for reducing dimension 0 using row 264 is 36.3615023474
DEBUG: MSO for reducing dimension 1 using row 264 is 16.5209383907
DEBUG: MSO for reducing dimension 0 using row 265 is 36.3615023474
DEBUG: MSO for reducing dimension 1 using row 265 is 16.5209383907
DEBUG: MSO for reducing dimension 0 using row 266 is 36.3615023474
DEBUG: MSO for reducing dimension 1 using row 266 is 16.5209383907
DEBUG: MSO for reducing dimension 0 using row 267 is 36.4630319149
DEBUG: MSO for reducing dimension 1 using row 267 is 16.5209383907
DEBUG: MSO for reducing dimension 0 using row 268 is 36.4630319149
DEBUG: MSO for reducing dimension 1 using row 268 is 16.5209383907
DEBUG: MSO for reducing dimension 0 using row 269 is 36.4630319149
DEBUG: MSO for reducing dimension 1 using row 269 is 16.5209383907
DEBUG: MSO for reducing dimension 0 using row 270 is 36.4630319149
DEBUG: MSO for reducing dimension 1 using row 270 is 16.5209383907
DEBUG: MSO for reducing dimension 0 using row 271 is 36.4630319149
DEBUG: MSO for reducing dimension 1 using row 271 is 16.5209383907
DEBUG: MSO for reducing dimension 0 using row 272 is 36.4630319149
DEBUG: MSO for reducing dimension 1 using row 272 is 16.5209383907
DEBUG: MSO for reducing dimension 0 using row 273 is 36.4630319149
DEBUG: MSO for reducing dimension 1 using row 273 is 16.5209383907
DEBUG: MSO for reducing dimension 0 using row 274 is 36.4630319149
DEBUG: MSO for reducing dimension 1 using row 274 is 16.5209383907
DEBUG: MSO for reducing dimension 0 using row 275 is 36.4630319149
DEBUG: MSO for reducing dimension 1 using row 275 is 16.5209383907
DEBUG: MSO for reducing dimension 0 using row 276 is 36.4630319149
DEBUG: MSO for reducing dimension 1 using row 276 is 16.5209383907
DEBUG: MSO for reducing dimension 0 using row 277 is 46.4046793761
DEBUG: MSO for reducing dimension 1 using row 277 is 22.0450549451
DEBUG: MSO for reducing dimension 0 using row 278 is 46.4046793761
DEBUG: MSO for reducing dimension 1 using row 278 is 22.0450549451
DEBUG: MSO for reducing dimension 0 using row 279 is 46.4046793761
DEBUG: MSO for reducing dimension 1 using row 279 is 22.0450549451
DEBUG: MSO for reducing dimension 0 using row 280 is 46.4046793761
DEBUG: MSO for reducing dimension 1 using row 280 is 22.0450549451
DEBUG: MSO for reducing dimension 0 using row 281 is 46.4046793761
DEBUG: MSO for reducing dimension 1 using row 281 is 22.0450549451
DEBUG: MSO for reducing dimension 0 using row 282 is 46.4046793761
DEBUG: MSO for reducing dimension 1 using row 282 is 22.0450549451
DEBUG: MSO for reducing dimension 0 using row 283 is 46.4046793761
DEBUG: MSO for reducing dimension 1 using row 283 is 22.0450549451
DEBUG: MSO for reducing dimension 0 using row 284 is 46.4046793761
DEBUG: MSO for reducing dimension 1 using row 284 is 22.0450549451
DEBUG: MSO for reducing dimension 0 using row 285 is 46.4046793761
DEBUG: MSO for reducing dimension 1 using row 285 is 22.0450549451
DEBUG: MSO for reducing dimension 0 using row 286 is 46.4046793761
DEBUG: MSO for reducing dimension 1 using row 286 is 22.0450549451
DEBUG: MSO for reducing dimension 0 using row 287 is 46.4046793761
DEBUG: MSO for reducing dimension 1 using row 287 is 22.0450549451
DEBUG: MSO for reducing dimension 0 using row 288 is 46.4046793761
DEBUG: MSO for reducing dimension 1 using row 288 is 22.0450549451
DEBUG: MSO for reducing dimension 0 using row 289 is 46.4046793761
DEBUG: MSO for reducing dimension 1 using row 289 is 22.0450549451
DEBUG: MSO for reducing dimension 0 using row 290 is 46.4046793761
DEBUG: MSO for reducing dimension 1 using row 290 is 22.0450549451
DEBUG: MSO for reducing dimension 0 using row 291 is 46.4046793761
DEBUG: MSO for reducing dimension 1 using row 291 is 22.0450549451
DEBUG: MSO for reducing dimension 0 using row 292 is 46.4046793761
DEBUG: MSO for reducing dimension 1 using row 292 is 22.0450549451
DEBUG: MSO for reducing dimension 0 using row 293 is 46.4046793761
DEBUG: MSO for reducing dimension 1 using row 293 is 22.0450549451
DEBUG: MSO for reducing dimension 0 using row 294 is 46.4046793761
DEBUG: MSO for reducing dimension 1 using row 294 is 22.0450549451
DEBUG: MSO for reducing dimension 0 using row 295 is 46.4046793761
DEBUG: MSO for reducing dimension 1 using row 295 is 22.0450549451
DEBUG: MSO for reducing dimension 0 using row 296 is 46.4046793761
DEBUG: MSO for reducing dimension 1 using row 296 is 22.0450549451
DEBUG: MSO for reducing dimension 0 using row 297 is 46.4046793761
DEBUG: MSO for reducing dimension 1 using row 297 is 22.0450549451
DEBUG: MSO for reducing dimension 0 using row 298 is 46.4046793761
DEBUG: MSO for reducing dimension 1 using row 298 is 22.0450549451
DEBUG: MSO for reducing dimension 0 using row 299 is 46.4046793761
DEBUG: Thread 0 COMPLETED dimension reduction 0
DEBUG: Thread 0 queue size remaining 0 GOOD BYE
DEBUG: MSO for reducing dimension 1 using row 299 is 22.0450549451
DEBUG: Thread 1 COMPLETED dimension reduction 1
DEBUG: Thread 1 queue size remaining 0 GOOD BYE
INFO: Loading data from files
INFO: Reading file /home/mas/13/eleprdee/Documents/DBProject/input/EAIQ8_4D_20/0.txt
INFO: Reading file /home/mas/13/eleprdee/Documents/DBProject/input/EAIQ8_4D_20/1.txt
INFO: Reading file /home/mas/13/eleprdee/Documents/DBProject/input/EAIQ8_4D_20/2.txt
INFO: Reading file /home/mas/13/eleprdee/Documents/DBProject/input/EAIQ8_4D_20/3.txt
INFO: Reading file /home/mas/13/eleprdee/Documents/DBProject/input/EAIQ8_4D_20/4.txt
INFO: Reading file /home/mas/13/eleprdee/Documents/DBProject/input/EAIQ8_4D_20/5.txt
INFO: Reading file /home/mas/13/eleprdee/Documents/DBProject/input/EAIQ8_4D_20/6.txt
INFO: Reading file /home/mas/13/eleprdee/Documents/DBProject/input/EAIQ8_4D_20/7.txt
INFO: Reading file /home/mas/13/eleprdee/Documents/DBProject/input/EAIQ8_4D_20/8.txt
INFO: Reading file /home/mas/13/eleprdee/Documents/DBProject/input/EAIQ8_4D_20/9.txt
INFO: Reading file /home/mas/13/eleprdee/Documents/DBProject/input/EAIQ8_4D_20/10.txt
INFO: Reading file /home/mas/13/eleprdee/Documents/DBProject/input/EAIQ8_4D_20/11.txt
INFO: Reading file /home/mas/13/eleprdee/Documents/DBProject/input/EAIQ8_4D_20/12.txt
INFO: Reading file /home/mas/13/eleprdee/Documents/DBProject/input/EAIQ8_4D_20/13.txt
INFO: Reading file /home/mas/13/eleprdee/Documents/DBProject/input/EAIQ8_4D_20/14.txt
INFO: Reading file /home/mas/13/eleprdee/Documents/DBProject/input/EAIQ8_4D_20/15.txt
INFO: Reading file /home/mas/13/eleprdee/Documents/DBProject/input/EAIQ8_4D_20/16.txt
INFO: Reading file /home/mas/13/eleprdee/Documents/DBProject/input/EAIQ8_4D_20/17.txt
INFO: Reading file /home/mas/13/eleprdee/Documents/DBProject/input/EAIQ8_4D_20/18.txt
INFO: Reading file /home/mas/13/eleprdee/Documents/DBProject/input/EAIQ8_4D_20/19.txt
INFO: Reading file /home/mas/13/eleprdee/Documents/DBProject/input/EAIQ8_4D_20/20.txt
INFO: Reading file /home/mas/13/eleprdee/Documents/DBProject/input/EAIQ8_4D_20/21.txt
INFO: Reading file /home/mas/13/eleprdee/Documents/DBProject/input/EAIQ8_4D_20/22.txt
INFO: Reading file /home/mas/13/eleprdee/Documents/DBProject/input/EAIQ8_4D_20/23.txt
INFO: Reading file /home/mas/13/eleprdee/Documents/DBProject/input/EAIQ8_4D_20/24.txt
INFO: Reading file /home/mas/13/eleprdee/Documents/DBProject/input/EAIQ8_4D_20/25.txt
INFO: Reading file /home/mas/13/eleprdee/Documents/DBProject/input/EAIQ8_4D_20/26.txt
INFO: Reading file /home/mas/13/eleprdee/Documents/DBProject/input/EAIQ8_4D_20/27.txt
INFO: Reading file /home/mas/13/eleprdee/Documents/DBProject/input/EAIQ8_4D_20/28.txt
INFO: Reading file /home/mas/13/eleprdee/Documents/DBProject/input/EAIQ8_4D_20/29.txt
INFO: Reading file /home/mas/13/eleprdee/Documents/DBProject/input/EAIQ8_4D_20/30.txt
INFO: Reading file /home/mas/13/eleprdee/Documents/DBProject/input/EAIQ8_4D_20/31.txt
INFO: Reading file /home/mas/13/eleprdee/Documents/DBProject/input/EAIQ8_4D_20/32.txt
INFO: Reading file /home/mas/13/eleprdee/Documents/DBProject/input/EAIQ8_4D_20/33.txt
INFO: Reading file /home/mas/13/eleprdee/Documents/DBProject/input/EAIQ8_4D_20/34.txt
INFO: Reading file /home/mas/13/eleprdee/Documents/DBProject/input/EAIQ8_4D_20/35.txt
INFO: Reading file /home/mas/13/eleprdee/Documents/DBProject/input/EAIQ8_4D_20/36.txt
INFO: Reading file /home/mas/13/eleprdee/Documents/DBProject/input/EAIQ8_4D_20/37.txt
INFO: Reading file /home/mas/13/eleprdee/Documents/DBProject/input/EAIQ8_4D_20/38.txt
INFO: Reading file /home/mas/13/eleprdee/Documents/DBProject/input/EAIQ8_4D_20/39.txt
INFO: Reading file /home/mas/13/eleprdee/Documents/DBProject/input/EAIQ8_4D_20/40.txt
INFO: Reading file /home/mas/13/eleprdee/Documents/DBProject/input/EAIQ8_4D_20/41.txt
INFO: Reading file /home/mas/13/eleprdee/Documents/DBProject/input/EAIQ8_4D_20/42.txt
INFO: Reading file /home/mas/13/eleprdee/Documents/DBProject/input/EAIQ8_4D_20/43.txt
INFO: Reading file /home/mas/13/eleprdee/Documents/DBProject/input/EAIQ8_4D_20/44.txt
INFO: Reading file /home/mas/13/eleprdee/Documents/DBProject/input/EAIQ8_4D_20/45.txt
INFO: Reading file /home/mas/13/eleprdee/Documents/DBProject/input/EAIQ8_4D_20/46.txt
INFO: Reading file /home/mas/13/eleprdee/Documents/DBProject/input/EAIQ8_4D_20/47.txt
INFO: Reading file /home/mas/13/eleprdee/Documents/DBProject/input/EAIQ8_4D_20/48.txt
INFO: Reading file /home/mas/13/eleprdee/Documents/DBProject/input/EAIQ8_4D_20/49.txt
INFO: Reading file /home/mas/13/eleprdee/Documents/DBProject/input/EAIQ8_4D_20/50.txt
INFO: Reading file /home/mas/13/eleprdee/Documents/DBProject/input/EAIQ8_4D_20/51.txt
INFO: Reading file /home/mas/13/eleprdee/Documents/DBProject/input/EAIQ8_4D_20/52.txt
INFO: Reading file /home/mas/13/eleprdee/Documents/DBProject/input/EAIQ8_4D_20/53.txt
INFO: Reading file /home/mas/13/eleprdee/Documents/DBProject/input/EAIQ8_4D_20/54.txt
INFO: Reading file /home/mas/13/eleprdee/Documents/DBProject/input/EAIQ8_4D_20/55.txt
INFO: Reading file /home/mas/13/eleprdee/Documents/DBProject/input/EAIQ8_4D_20/56.txt
INFO: Reading file /home/mas/13/eleprdee/Documents/DBProject/input/EAIQ8_4D_20/57.txt
INFO: Reading file /home/mas/13/eleprdee/Documents/DBProject/input/EAIQ8_4D_20/58.txt
INFO: Reading file /home/mas/13/eleprdee/Documents/DBProject/input/EAIQ8_4D_20/59.txt
INFO: Reading file /home/mas/13/eleprdee/Documents/DBProject/input/EAIQ8_4D_20/60.txt
INFO: Reading file /home/mas/13/eleprdee/Documents/DBProject/input/EAIQ8_4D_20/61.txt
INFO: Reading file /home/mas/13/eleprdee/Documents/DBProject/input/EAIQ8_4D_20/62.txt
INFO: Reading file /home/mas/13/eleprdee/Documents/DBProject/input/EAIQ8_4D_20/63.txt
INFO: Reading file /home/mas/13/eleprdee/Documents/DBProject/input/EAIQ8_4D_20/64.txt
INFO: Reading file /home/mas/13/eleprdee/Documents/DBProject/input/EAIQ8_4D_20/65.txt
INFO: Reading file /home/mas/13/eleprdee/Documents/DBProject/input/EAIQ8_4D_20/66.txt
INFO: Reading file /home/mas/13/eleprdee/Documents/DBProject/input/EAIQ8_4D_20/67.txt
INFO: Reading file /home/mas/13/eleprdee/Documents/DBProject/input/EAIQ8_4D_20/68.txt
INFO: Reading file /home/mas/13/eleprdee/Documents/DBProject/input/EAIQ8_4D_20/69.txt
INFO: Reading file /home/mas/13/eleprdee/Documents/DBProject/input/EAIQ8_4D_20/70.txt
INFO: Reading file /home/mas/13/eleprdee/Documents/DBProject/input/EAIQ8_4D_20/71.txt
INFO: Reading file /home/mas/13/eleprdee/Documents/DBProject/input/EAIQ8_4D_20/72.txt
INFO: Reading file /home/mas/13/eleprdee/Documents/DBProject/input/EAIQ8_4D_20/73.txt
INFO: Reading file /home/mas/13/eleprdee/Documents/DBProject/input/EAIQ8_4D_20/74.txt
INFO: Reading file /home/mas/13/eleprdee/Documents/DBProject/input/EAIQ8_4D_20/75.txt
INFO: Reading file /home/mas/13/eleprdee/Documents/DBProject/input/EAIQ8_4D_20/76.txt
INFO: Reading file /home/mas/13/eleprdee/Documents/DBProject/input/EAIQ8_4D_20/77.txt
INFO: Reading file /home/mas/13/eleprdee/Documents/DBProject/input/EAIQ8_4D_20/78.txt
INFO: Reading file /home/mas/13/eleprdee/Documents/DBProject/input/EAIQ8_4D_20/79.txt
INFO: Reading file /home/mas/13/eleprdee/Documents/DBProject/input/EAIQ8_4D_20/80.txt
INFO: Reading file /home/mas/13/eleprdee/Documents/DBProject/input/EAIQ8_4D_20/81.txt
INFO: Reading file /home/mas/13/eleprdee/Documents/DBProject/input/EAIQ8_4D_20/82.txt
INFO: Reading file /home/mas/13/eleprdee/Documents/DBProject/input/EAIQ8_4D_20/83.txt
INFO: Reading file /home/mas/13/eleprdee/Documents/DBProject/input/EAIQ8_4D_20/84.txt
INFO: Reading file /home/mas/13/eleprdee/Documents/DBProject/input/EAIQ8_4D_20/85.txt
INFO: Reading file /home/mas/13/eleprdee/Documents/DBProject/input/EAIQ8_4D_20/86.txt
INFO: Reading file /home/mas/13/eleprdee/Documents/DBProject/input/EAIQ8_4D_20/87.txt
INFO: Reading file /home/mas/13/eleprdee/Documents/DBProject/input/EAIQ8_4D_20/88.txt
INFO: Reading file /home/mas/13/eleprdee/Documents/DBProject/input/EAIQ8_4D_20/89.txt
INFO: Reading file /home/mas/13/eleprdee/Documents/DBProject/input/EAIQ8_4D_20/90.txt
INFO: Reading file /home/mas/13/eleprdee/Documents/DBProject/input/EAIQ8_4D_20/91.txt
INFO: Reading file /home/mas/13/eleprdee/Documents/DBProject/input/EAIQ8_4D_20/92.txt
INFO: Reading file /home/mas/13/eleprdee/Documents/DBProject/input/EAIQ8_4D_20/93.txt
INFO: Reading file /home/mas/13/eleprdee/Documents/DBProject/input/EAIQ8_4D_20/94.txt
INFO: Reading file /home/mas/13/eleprdee/Documents/DBProject/input/EAIQ8_4D_20/95.txt
INFO: Reading file /home/mas/13/eleprdee/Documents/DBProject/input/EAIQ8_4D_20/96.txt
INFO: Reading file /home/mas/13/eleprdee/Documents/DBProject/input/EAIQ8_4D_20/97.txt
INFO: Reading file /home/mas/13/eleprdee/Documents/DBProject/input/EAIQ8_4D_20/98.txt
INFO: Reading file /home/mas/13/eleprdee/Documents/DBProject/input/EAIQ8_4D_20/99.txt
INFO: Reading file /home/mas/13/eleprdee/Documents/DBProject/input/EAIQ8_4D_20/100.txt
INFO: Reading file /home/mas/13/eleprdee/Documents/DBProject/input/EAIQ8_4D_20/101.txt
INFO: Reading file /home/mas/13/eleprdee/Documents/DBProject/input/EAIQ8_4D_20/102.txt
INFO: Reading file /home/mas/13/eleprdee/Documents/DBProject/input/EAIQ8_4D_20/103.txt
INFO: Reading file /home/mas/13/eleprdee/Documents/DBProject/input/EAIQ8_4D_20/104.txt
INFO: Reading file /home/mas/13/eleprdee/Documents/DBProject/input/EAIQ8_4D_20/105.txt
INFO: Reading file /home/mas/13/eleprdee/Documents/DBProject/input/EAIQ8_4D_20/106.txt
INFO: Reading file /home/mas/13/eleprdee/Documents/DBProject/input/EAIQ8_4D_20/107.txt
INFO: Reading file /home/mas/13/eleprdee/Documents/DBProject/input/EAIQ8_4D_20/108.txt
INFO: Reading file /home/mas/13/eleprdee/Documents/DBProject/input/EAIQ8_4D_20/109.txt
INFO: Reading file /home/mas/13/eleprdee/Documents/DBProject/input/EAIQ8_4D_20/110.txt
INFO: Reading file /home/mas/13/eleprdee/Documents/DBProject/input/EAIQ8_4D_20/111.txt
INFO: Reading file /home/mas/13/eleprdee/Documents/DBProject/input/EAIQ8_4D_20/112.txt
INFO: Reading file /home/mas/13/eleprdee/Documents/DBProject/input/EAIQ8_4D_20/113.txt
INFO: Reading file /home/mas/13/eleprdee/Documents/DBProject/input/EAIQ8_4D_20/114.txt
INFO: Reading file /home/mas/13/eleprdee/Documents/DBProject/input/EAIQ8_4D_20/115.txt
INFO: Reading file /home/mas/13/eleprdee/Documents/DBProject/input/EAIQ8_4D_20/116.txt
INFO: Reading file /home/mas/13/eleprdee/Documents/DBProject/input/EAIQ8_4D_20/117.txt
INFO: Reading file /home/mas/13/eleprdee/Documents/DBProject/input/EAIQ8_4D_20/118.txt
INFO: Reading file /home/mas/13/eleprdee/Documents/DBProject/input/EAIQ8_4D_20/119.txt
INFO: Reading file /home/mas/13/eleprdee/Documents/DBProject/input/EAIQ8_4D_20/120.txt
INFO: Reading file /home/mas/13/eleprdee/Documents/DBProject/input/EAIQ8_4D_20/121.txt
INFO: Reading file /home/mas/13/eleprdee/Documents/DBProject/input/EAIQ8_4D_20/122.txt
INFO: Reading file /home/mas/13/eleprdee/Documents/DBProject/input/EAIQ8_4D_20/123.txt
INFO: Reading file /home/mas/13/eleprdee/Documents/DBProject/input/EAIQ8_4D_20/124.txt
INFO: Reading file /home/mas/13/eleprdee/Documents/DBProject/input/EAIQ8_4D_20/125.txt
INFO: Reading file /home/mas/13/eleprdee/Documents/DBProject/input/EAIQ8_4D_20/126.txt
INFO: Reading file /home/mas/13/eleprdee/Documents/DBProject/input/EAIQ8_4D_20/127.txt
INFO: Reading file /home/mas/13/eleprdee/Documents/DBProject/input/EAIQ8_4D_20/128.txt
INFO: Reading file /home/mas/13/eleprdee/Documents/DBProject/input/EAIQ8_4D_20/129.txt
INFO: Reading file /home/mas/13/eleprdee/Documents/DBProject/input/EAIQ8_4D_20/130.txt
INFO: Reading file /home/mas/13/eleprdee/Documents/DBProject/input/EAIQ8_4D_20/131.txt
INFO: Reading file /home/mas/13/eleprdee/Documents/DBProject/input/EAIQ8_4D_20/132.txt
INFO: Reading file /home/mas/13/eleprdee/Documents/DBProject/input/EAIQ8_4D_20/133.txt
INFO: Reading file /home/mas/13/eleprdee/Documents/DBProject/input/EAIQ8_4D_20/134.txt
INFO: Reading file /home/mas/13/eleprdee/Documents/DBProject/input/EAIQ8_4D_20/135.txt
INFO: Reading file /home/mas/13/eleprdee/Documents/DBProject/input/EAIQ8_4D_20/136.txt
INFO: Reading file /home/mas/13/eleprdee/Documents/DBProject/input/EAIQ8_4D_20/137.txt
INFO: Reading file /home/mas/13/eleprdee/Documents/DBProject/input/EAIQ8_4D_20/138.txt
INFO: Reading file /home/mas/13/eleprdee/Documents/DBProject/input/EAIQ8_4D_20/139.txt
INFO: Reading file /home/mas/13/eleprdee/Documents/DBProject/input/EAIQ8_4D_20/140.txt
INFO: Reading file /home/mas/13/eleprdee/Documents/DBProject/input/EAIQ8_4D_20/141.txt
INFO: Reading file /home/mas/13/eleprdee/Documents/DBProject/input/EAIQ8_4D_20/142.txt
INFO: Reading file /home/mas/13/eleprdee/Documents/DBProject/input/EAIQ8_4D_20/143.txt
INFO: Reading file /home/mas/13/eleprdee/Documents/DBProject/input/EAIQ8_4D_20/144.txt
INFO: Reading file /home/mas/13/eleprdee/Documents/DBProject/input/EAIQ8_4D_20/145.txt
INFO: Reading file /home/mas/13/eleprdee/Documents/DBProject/input/EAIQ8_4D_20/146.txt
INFO: Reading file /home/mas/13/eleprdee/Documents/DBProject/input/EAIQ8_4D_20/147.txt
INFO: Reading file /home/mas/13/eleprdee/Documents/DBProject/input/EAIQ8_4D_20/148.txt
INFO: Reading file /home/mas/13/eleprdee/Documents/DBProject/input/EAIQ8_4D_20/149.txt
INFO: Reading file /home/mas/13/eleprdee/Documents/DBProject/input/EAIQ8_4D_20/150.txt
INFO: Reading file /home/mas/13/eleprdee/Documents/DBProject/input/EAIQ8_4D_20/151.txt
INFO: Reading file /home/mas/13/eleprdee/Documents/DBProject/input/EAIQ8_4D_20/152.txt
INFO: Reading file /home/mas/13/eleprdee/Documents/DBProject/input/EAIQ8_4D_20/153.txt
INFO: Reading file /home/mas/13/eleprdee/Documents/DBProject/input/EAIQ8_4D_20/154.txt
INFO: Reading file /home/mas/13/eleprdee/Documents/DBProject/input/EAIQ8_4D_20/155.txt
INFO: Reading file /home/mas/13/eleprdee/Documents/DBProject/input/EAIQ8_4D_20/156.txt
INFO: Reading file /home/mas/13/eleprdee/Documents/DBProject/input/EAIQ8_4D_20/157.txt
INFO: Reading file /home/mas/13/eleprdee/Documents/DBProject/input/EAIQ8_4D_20/158.txt
INFO: Reading file /home/mas/13/eleprdee/Documents/DBProject/input/EAIQ8_4D_20/159.txt
INFO: Reading file /home/mas/13/eleprdee/Documents/DBProject/input/EAIQ8_4D_20/160.txt
INFO: Reading file /home/mas/13/eleprdee/Documents/DBProject/input/EAIQ8_4D_20/161.txt
INFO: Reading file /home/mas/13/eleprdee/Documents/DBProject/input/EAIQ8_4D_20/162.txt
INFO: Reading file /home/mas/13/eleprdee/Documents/DBProject/input/EAIQ8_4D_20/163.txt
INFO: Reading file /home/mas/13/eleprdee/Documents/DBProject/input/EAIQ8_4D_20/164.txt
INFO: Reading file /home/mas/13/eleprdee/Documents/DBProject/input/EAIQ8_4D_20/165.txt
INFO: Reading file /home/mas/13/eleprdee/Documents/DBProject/input/EAIQ8_4D_20/166.txt
INFO: Reading file /home/mas/13/eleprdee/Documents/DBProject/input/EAIQ8_4D_20/167.txt
INFO: Reading file /home/mas/13/eleprdee/Documents/DBProject/input/EAIQ8_4D_20/168.txt
INFO: Reading file /home/mas/13/eleprdee/Documents/DBProject/input/EAIQ8_4D_20/169.txt
INFO: Reading file /home/mas/13/eleprdee/Documents/DBProject/input/EAIQ8_4D_20/170.txt
INFO: Reading file /home/mas/13/eleprdee/Documents/DBProject/input/EAIQ8_4D_20/171.txt
INFO: Reading file /home/mas/13/eleprdee/Documents/DBProject/input/EAIQ8_4D_20/172.txt
INFO: Reading file /home/mas/13/eleprdee/Documents/DBProject/input/EAIQ8_4D_20/173.txt
INFO: Reading file /home/mas/13/eleprdee/Documents/DBProject/input/EAIQ8_4D_20/174.txt
INFO: Reading file /home/mas/13/eleprdee/Documents/DBProject/input/EAIQ8_4D_20/175.txt
INFO: Reading file /home/mas/13/eleprdee/Documents/DBProject/input/EAIQ8_4D_20/176.txt
INFO: Reading file /home/mas/13/eleprdee/Documents/DBProject/input/EAIQ8_4D_20/177.txt
INFO: Reading file /home/mas/13/eleprdee/Documents/DBProject/input/EAIQ8_4D_20/178.txt
INFO: Reading file /home/mas/13/eleprdee/Documents/DBProject/input/EAIQ8_4D_20/179.txt
INFO: Reading file /home/mas/13/eleprdee/Documents/DBProject/input/EAIQ8_4D_20/180.txt
INFO: Reading file /home/mas/13/eleprdee/Documents/DBProject/input/EAIQ8_4D_20/181.txt
INFO: Reading file /home/mas/13/eleprdee/Documents/DBProject/input/EAIQ8_4D_20/182.txt
INFO: Reading file /home/mas/13/eleprdee/Documents/DBProject/input/EAIQ8_4D_20/183.txt
INFO: Reading file /home/mas/13/eleprdee/Documents/DBProject/input/EAIQ8_4D_20/184.txt
INFO: Reading file /home/mas/13/eleprdee/Documents/DBProject/input/EAIQ8_4D_20/185.txt
INFO: Reading file /home/mas/13/eleprdee/Documents/DBProject/input/EAIQ8_4D_20/186.txt
INFO: Reading file /home/mas/13/eleprdee/Documents/DBProject/input/EAIQ8_4D_20/187.txt
INFO: Reading file /home/mas/13/eleprdee/Documents/DBProject/input/EAIQ8_4D_20/188.txt
INFO: Reading file /home/mas/13/eleprdee/Documents/DBProject/input/EAIQ8_4D_20/189.txt
INFO: Reading file /home/mas/13/eleprdee/Documents/DBProject/input/EAIQ8_4D_20/190.txt
INFO: Reading file /home/mas/13/eleprdee/Documents/DBProject/input/EAIQ8_4D_20/191.txt
INFO: Reading file /home/mas/13/eleprdee/Documents/DBProject/input/EAIQ8_4D_20/192.txt
INFO: Reading file /home/mas/13/eleprdee/Documents/DBProject/input/EAIQ8_4D_20/193.txt
INFO: Reading file /home/mas/13/eleprdee/Documents/DBProject/input/EAIQ8_4D_20/194.txt
INFO: Reading file /home/mas/13/eleprdee/Documents/DBProject/input/EAIQ8_4D_20/195.txt
INFO: Reading file /home/mas/13/eleprdee/Documents/DBProject/input/EAIQ8_4D_20/196.txt
INFO: Reading file /home/mas/13/eleprdee/Documents/DBProject/input/EAIQ8_4D_20/197.txt
INFO: Reading file /home/mas/13/eleprdee/Documents/DBProject/input/EAIQ8_4D_20/198.txt
INFO: Reading file /home/mas/13/eleprdee/Documents/DBProject/input/EAIQ8_4D_20/199.txt
INFO: Reading file /home/mas/13/eleprdee/Documents/DBProject/input/EAIQ8_4D_20/200.txt
INFO: Reading file /home/mas/13/eleprdee/Documents/DBProject/input/EAIQ8_4D_20/201.txt
INFO: Reading file /home/mas/13/eleprdee/Documents/DBProject/input/EAIQ8_4D_20/202.txt
INFO: Reading file /home/mas/13/eleprdee/Documents/DBProject/input/EAIQ8_4D_20/203.txt
INFO: Reading file /home/mas/13/eleprdee/Documents/DBProject/input/EAIQ8_4D_20/204.txt
INFO: Reading file /home/mas/13/eleprdee/Documents/DBProject/input/EAIQ8_4D_20/205.txt
INFO: Reading file /home/mas/13/eleprdee/Documents/DBProject/input/EAIQ8_4D_20/206.txt
INFO: Reading file /home/mas/13/eleprdee/Documents/DBProject/input/EAIQ8_4D_20/207.txt
INFO: Reading file /home/mas/13/eleprdee/Documents/DBProject/input/EAIQ8_4D_20/208.txt
INFO: Reading file /home/mas/13/eleprdee/Documents/DBProject/input/EAIQ8_4D_20/209.txt
INFO: Reading file /home/mas/13/eleprdee/Documents/DBProject/input/EAIQ8_4D_20/210.txt
INFO: Reading file /home/mas/13/eleprdee/Documents/DBProject/input/EAIQ8_4D_20/211.txt
INFO: Reading file /home/mas/13/eleprdee/Documents/DBProject/input/EAIQ8_4D_20/212.txt
INFO: Reading file /home/mas/13/eleprdee/Documents/DBProject/input/EAIQ8_4D_20/213.txt
INFO: Reading file /home/mas/13/eleprdee/Documents/DBProject/input/EAIQ8_4D_20/214.txt
INFO: Reading file /home/mas/13/eleprdee/Documents/DBProject/input/EAIQ8_4D_20/215.txt
INFO: Reading file /home/mas/13/eleprdee/Documents/DBProject/input/EAIQ8_4D_20/216.txt
INFO: Reading file /home/mas/13/eleprdee/Documents/DBProject/input/EAIQ8_4D_20/217.txt
INFO: Reading file /home/mas/13/eleprdee/Documents/DBProject/input/EAIQ8_4D_20/218.txt
INFO: Reading file /home/mas/13/eleprdee/Documents/DBProject/input/EAIQ8_4D_20/219.txt
INFO: Reading file /home/mas/13/eleprdee/Documents/DBProject/input/EAIQ8_4D_20/220.txt
INFO: Reading file /home/mas/13/eleprdee/Documents/DBProject/input/EAIQ8_4D_20/221.txt
INFO: Reading file /home/mas/13/eleprdee/Documents/DBProject/input/EAIQ8_4D_20/222.txt
INFO: Reading file /home/mas/13/eleprdee/Documents/DBProject/input/EAIQ8_4D_20/223.txt
INFO: Reading file /home/mas/13/eleprdee/Documents/DBProject/input/EAIQ8_4D_20/224.txt
INFO: Reading file /home/mas/13/eleprdee/Documents/DBProject/input/EAIQ8_4D_20/225.txt
INFO: Reading file /home/mas/13/eleprdee/Documents/DBProject/input/EAIQ8_4D_20/226.txt
INFO: Reading file /home/mas/13/eleprdee/Documents/DBProject/input/EAIQ8_4D_20/227.txt
INFO: Reading file /home/mas/13/eleprdee/Documents/DBProject/input/EAIQ8_4D_20/228.txt
INFO: Reading file /home/mas/13/eleprdee/Documents/DBProject/input/EAIQ8_4D_20/229.txt
INFO: Reading file /home/mas/13/eleprdee/Documents/DBProject/input/EAIQ8_4D_20/230.txt
INFO: Reading file /home/mas/13/eleprdee/Documents/DBProject/input/EAIQ8_4D_20/231.txt
INFO: Reading file /home/mas/13/eleprdee/Documents/DBProject/input/EAIQ8_4D_20/232.txt
INFO: Reading file /home/mas/13/eleprdee/Documents/DBProject/input/EAIQ8_4D_20/233.txt
INFO: Reading file /home/mas/13/eleprdee/Documents/DBProject/input/EAIQ8_4D_20/234.txt
INFO: Reading file /home/mas/13/eleprdee/Documents/DBProject/input/EAIQ8_4D_20/235.txt
INFO: Reading file /home/mas/13/eleprdee/Documents/DBProject/input/EAIQ8_4D_20/236.txt
INFO: Reading file /home/mas/13/eleprdee/Documents/DBProject/input/EAIQ8_4D_20/237.txt
INFO: Reading file /home/mas/13/eleprdee/Documents/DBProject/input/EAIQ8_4D_20/238.txt
INFO: Reading file /home/mas/13/eleprdee/Documents/DBProject/input/EAIQ8_4D_20/239.txt
INFO: Reading file /home/mas/13/eleprdee/Documents/DBProject/input/EAIQ8_4D_20/240.txt
INFO: Reading file /home/mas/13/eleprdee/Documents/DBProject/input/EAIQ8_4D_20/241.txt
INFO: Reading file /home/mas/13/eleprdee/Documents/DBProject/input/EAIQ8_4D_20/242.txt
INFO: Reading file /home/mas/13/eleprdee/Documents/DBProject/input/EAIQ8_4D_20/243.txt
INFO: Reading file /home/mas/13/eleprdee/Documents/DBProject/input/EAIQ8_4D_20/244.txt
INFO: Reading file /home/mas/13/eleprdee/Documents/DBProject/input/EAIQ8_4D_20/245.txt
INFO: Reading file /home/mas/13/eleprdee/Documents/DBProject/input/EAIQ8_4D_20/246.txt
INFO: Reading file /home/mas/13/eleprdee/Documents/DBProject/input/EAIQ8_4D_20/247.txt
INFO: Reading file /home/mas/13/eleprdee/Documents/DBProject/input/EAIQ8_4D_20/248.txt
INFO: Reading file /home/mas/13/eleprdee/Documents/DBProject/input/EAIQ8_4D_20/249.txt
INFO: Reading file /home/mas/13/eleprdee/Documents/DBProject/input/EAIQ8_4D_20/250.txt
INFO: Reading file /home/mas/13/eleprdee/Documents/DBProject/input/EAIQ8_4D_20/251.txt
INFO: Reading file /home/mas/13/eleprdee/Documents/DBProject/input/EAIQ8_4D_20/252.txt
INFO: Reading file /home/mas/13/eleprdee/Documents/DBProject/input/EAIQ8_4D_20/253.txt
INFO: Reading file /home/mas/13/eleprdee/Documents/DBProject/input/EAIQ8_4D_20/254.txt
INFO: Reading file /home/mas/13/eleprdee/Documents/DBProject/input/EAIQ8_4D_20/255.txt
INFO: Reading file /home/mas/13/eleprdee/Documents/DBProject/input/EAIQ8_4D_20/256.txt
INFO: Reading file /home/mas/13/eleprdee/Documents/DBProject/input/EAIQ8_4D_20/257.txt
INFO: Reading file /home/mas/13/eleprdee/Documents/DBProject/input/EAIQ8_4D_20/258.txt
INFO: Reading file /home/mas/13/eleprdee/Documents/DBProject/input/EAIQ8_4D_20/259.txt
INFO: Reading file /home/mas/13/eleprdee/Documents/DBProject/input/EAIQ8_4D_20/260.txt
INFO: Reading file /home/mas/13/eleprdee/Documents/DBProject/input/EAIQ8_4D_20/261.txt
INFO: Reading file /home/mas/13/eleprdee/Documents/DBProject/input/EAIQ8_4D_20/262.txt
INFO: Reading file /home/mas/13/eleprdee/Documents/DBProject/input/EAIQ8_4D_20/263.txt
INFO: Reading file /home/mas/13/eleprdee/Documents/DBProject/input/EAIQ8_4D_20/264.txt
INFO: Reading file /home/mas/13/eleprdee/Documents/DBProject/input/EAIQ8_4D_20/265.txt
INFO: Reading file /home/mas/13/eleprdee/Documents/DBProject/input/EAIQ8_4D_20/266.txt
INFO: Reading file /home/mas/13/eleprdee/Documents/DBProject/input/EAIQ8_4D_20/267.txt
INFO: Reading file /home/mas/13/eleprdee/Documents/DBProject/input/EAIQ8_4D_20/268.txt
INFO: Reading file /home/mas/13/eleprdee/Documents/DBProject/input/EAIQ8_4D_20/269.txt
INFO: Reading file /home/mas/13/eleprdee/Documents/DBProject/input/EAIQ8_4D_20/270.txt
INFO: Reading file /home/mas/13/eleprdee/Documents/DBProject/input/EAIQ8_4D_20/271.txt
INFO: Reading file /home/mas/13/eleprdee/Documents/DBProject/input/EAIQ8_4D_20/272.txt
INFO: Reading file /home/mas/13/eleprdee/Documents/DBProject/input/EAIQ8_4D_20/273.txt
INFO: Reading file /home/mas/13/eleprdee/Documents/DBProject/input/EAIQ8_4D_20/274.txt
INFO: Reading file /home/mas/13/eleprdee/Documents/DBProject/input/EAIQ8_4D_20/275.txt
INFO: Reading file /home/mas/13/eleprdee/Documents/DBProject/input/EAIQ8_4D_20/276.txt
INFO: Reading file /home/mas/13/eleprdee/Documents/DBProject/input/EAIQ8_4D_20/277.txt
INFO: Reading file /home/mas/13/eleprdee/Documents/DBProject/input/EAIQ8_4D_20/278.txt
INFO: Reading file /home/mas/13/eleprdee/Documents/DBProject/input/EAIQ8_4D_20/279.txt
INFO: Reading file /home/mas/13/eleprdee/Documents/DBProject/input/EAIQ8_4D_20/280.txt
INFO: Reading file /home/mas/13/eleprdee/Documents/DBProject/input/EAIQ8_4D_20/281.txt
INFO: Reading file /home/mas/13/eleprdee/Documents/DBProject/input/EAIQ8_4D_20/282.txt
INFO: Reading file /home/mas/13/eleprdee/Documents/DBProject/input/EAIQ8_4D_20/283.txt
INFO: Reading file /home/mas/13/eleprdee/Documents/DBProject/input/EAIQ8_4D_20/284.txt
INFO: Reading file /home/mas/13/eleprdee/Documents/DBProject/input/EAIQ8_4D_20/285.txt
INFO: Reading file /home/mas/13/eleprdee/Documents/DBProject/input/EAIQ8_4D_20/286.txt
INFO: Reading file /home/mas/13/eleprdee/Documents/DBProject/input/EAIQ8_4D_20/287.txt
INFO: Reading file /home/mas/13/eleprdee/Documents/DBProject/input/EAIQ8_4D_20/288.txt
INFO: Reading file /home/mas/13/eleprdee/Documents/DBProject/input/EAIQ8_4D_20/289.txt
INFO: Reading file /home/mas/13/eleprdee/Documents/DBProject/input/EAIQ8_4D_20/290.txt
INFO: Reading file /home/mas/13/eleprdee/Documents/DBProject/input/EAIQ8_4D_20/291.txt
INFO: Reading file /home/mas/13/eleprdee/Documents/DBProject/input/EAIQ8_4D_20/292.txt
INFO: Reading file /home/mas/13/eleprdee/Documents/DBProject/input/EAIQ8_4D_20/293.txt
INFO: Reading file /home/mas/13/eleprdee/Documents/DBProject/input/EAIQ8_4D_20/294.txt
INFO: Reading file /home/mas/13/eleprdee/Documents/DBProject/input/EAIQ8_4D_20/295.txt
INFO: Reading file /home/mas/13/eleprdee/Documents/DBProject/input/EAIQ8_4D_20/296.txt
INFO: Reading file /home/mas/13/eleprdee/Documents/DBProject/input/EAIQ8_4D_20/297.txt
INFO: Reading file /home/mas/13/eleprdee/Documents/DBProject/input/EAIQ8_4D_20/298.txt
INFO: Reading file /home/mas/13/eleprdee/Documents/DBProject/input/EAIQ8_4D_20/299.txt
INFO: Reading file /home/mas/13/eleprdee/Documents/DBProject/input/EAIQ8_4D_20/300.txt
INFO: Reading file /home/mas/13/eleprdee/Documents/DBProject/input/EAIQ8_4D_20/301.txt
INFO: Reading file /home/mas/13/eleprdee/Documents/DBProject/input/EAIQ8_4D_20/302.txt
INFO: Reading file /home/mas/13/eleprdee/Documents/DBProject/input/EAIQ8_4D_20/303.txt
INFO: Reading file /home/mas/13/eleprdee/Documents/DBProject/input/EAIQ8_4D_20/304.txt
INFO: Reading file /home/mas/13/eleprdee/Documents/DBProject/input/EAIQ8_4D_20/305.txt
INFO: Reading file /home/mas/13/eleprdee/Documents/DBProject/input/EAIQ8_4D_20/306.txt
INFO: Reading file /home/mas/13/eleprdee/Documents/DBProject/input/EAIQ8_4D_20/307.txt
INFO: Reading file /home/mas/13/eleprdee/Documents/DBProject/input/EAIQ8_4D_20/308.txt
INFO: Reading file /home/mas/13/eleprdee/Documents/DBProject/input/EAIQ8_4D_20/309.txt
INFO: Reading file /home/mas/13/eleprdee/Documents/DBProject/input/EAIQ8_4D_20/310.txt
INFO: Reading file /home/mas/13/eleprdee/Documents/DBProject/input/EAIQ8_4D_20/311.txt
INFO: Reading file /home/mas/13/eleprdee/Documents/DBProject/input/EAIQ8_4D_20/312.txt
INFO: Reading file /home/mas/13/eleprdee/Documents/DBProject/input/EAIQ8_4D_20/313.txt
INFO: Reading file /home/mas/13/eleprdee/Documents/DBProject/input/EAIQ8_4D_20/314.txt
INFO: Reading file /home/mas/13/eleprdee/Documents/DBProject/input/EAIQ8_4D_20/315.txt
INFO: Reading file /home/mas/13/eleprdee/Documents/DBProject/input/EAIQ8_4D_20/316.txt
INFO: Reading file /home/mas/13/eleprdee/Documents/DBProject/input/EAIQ8_4D_20/317.txt
INFO: Reading file /home/mas/13/eleprdee/Documents/DBProject/input/EAIQ8_4D_20/318.txt
INFO: Reading file /home/mas/13/eleprdee/Documents/DBProject/input/EAIQ8_4D_20/319.txt
INFO: Reading file /home/mas/13/eleprdee/Documents/DBProject/input/EAIQ8_4D_20/320.txt
INFO: Reading file /home/mas/13/eleprdee/Documents/DBProject/input/EAIQ8_4D_20/321.txt
INFO: Reading file /home/mas/13/eleprdee/Documents/DBProject/input/EAIQ8_4D_20/322.txt
INFO: Reading file /home/mas/13/eleprdee/Documents/DBProject/input/EAIQ8_4D_20/323.txt
DEBUG: Thread 0 STARTING dimension reduction 0
DEBUG: Thread 1 STARTING dimension reduction 1
DEBUG: Thread 2 STARTING dimension reduction 2
DEBUG: Thread 3 STARTING dimension reduction 3
DEBUG: MSO for reducing dimension 0 using row 0 is 1698.99189422
DEBUG: MSO for reducing dimension 1 using row 0 is 89.096024476
DEBUG: MSO for reducing dimension 2 using row 0 is 118.738844829
DEBUG: MSO for reducing dimension 3 using row 0 is 82.0181189624
DEBUG: MSO for reducing dimension 0 using row 1 is 1333.56882549
DEBUG: MSO for reducing dimension 1 using row 1 is 87.2215021404
DEBUG: MSO for reducing dimension 2 using row 1 is 118.738844829
DEBUG: MSO for reducing dimension 3 using row 1 is 79.2064624466
DEBUG: MSO for reducing dimension 0 using row 2 is 513.556649631
DEBUG: MSO for reducing dimension 1 using row 2 is 87.2215021404
DEBUG: MSO for reducing dimension 2 using row 2 is 100.555888399
DEBUG: MSO for reducing dimension 3 using row 2 is 77.6744695387
DEBUG: MSO for reducing dimension 0 using row 3 is 367.237706782
DEBUG: MSO for reducing dimension 1 using row 3 is 67.9700279765
DEBUG: MSO for reducing dimension 2 using row 3 is 92.2994084833
DEBUG: MSO for reducing dimension 3 using row 3 is 77.6744695387
DEBUG: MSO for reducing dimension 1 using row 4 is 35.5494209778
DEBUG: MSO for reducing dimension 0 using row 4 is 72.2771605286
DEBUG: MSO for reducing dimension 2 using row 4 is 42.8832244157
DEBUG: MSO for reducing dimension 3 using row 4 is 53.8946203268
DEBUG: MSO for reducing dimension 1 using row 5 is 25.7389655227
DEBUG: MSO for reducing dimension 0 using row 5 is 37.8793155152
DEBUG: MSO for reducing dimension 2 using row 5 is 23.3657463993
DEBUG: MSO for reducing dimension 3 using row 5 is 29.3960176025
DEBUG: MSO for reducing dimension 1 using row 6 is 17.1247061165
DEBUG: MSO for reducing dimension 0 using row 6 is 19.5317894827
DEBUG: MSO for reducing dimension 2 using row 6 is 3.57090791292
DEBUG: MSO for reducing dimension 3 using row 6 is 29.4338088511
DEBUG: MSO for reducing dimension 1 using row 7 is 9.62171836363
DEBUG: MSO for reducing dimension 2 using row 7 is 3.57849631511
DEBUG: MSO for reducing dimension 0 using row 7 is 10.4273364135
DEBUG: MSO for reducing dimension 3 using row 7 is 45.7872020927
DEBUG: MSO for reducing dimension 1 using row 8 is 5.80459169353
DEBUG: MSO for reducing dimension 2 using row 8 is 3.58735711108
DEBUG: MSO for reducing dimension 0 using row 8 is 6.68999596226
DEBUG: MSO for reducing dimension 3 using row 8 is 60.430284002
DEBUG: MSO for reducing dimension 1 using row 9 is 5.25098008998
DEBUG: MSO for reducing dimension 0 using row 9 is 6.63192822664
DEBUG: MSO for reducing dimension 2 using row 9 is 3.59943719897
DEBUG: MSO for reducing dimension 3 using row 9 is 65.1773218767
DEBUG: MSO for reducing dimension 1 using row 10 is 4.74897747766
DEBUG: MSO for reducing dimension 0 using row 10 is 6.7178882782
DEBUG: MSO for reducing dimension 2 using row 10 is 3.60407697479
DEBUG: MSO for reducing dimension 3 using row 10 is 65.3332539584
DEBUG: MSO for reducing dimension 1 using row 11 is 4.74897747766
DEBUG: MSO for reducing dimension 0 using row 11 is 6.73736826249
DEBUG: MSO for reducing dimension 2 using row 11 is 3.62299126333
DEBUG: MSO for reducing dimension 3 using row 11 is 65.4955236668
DEBUG: MSO for reducing dimension 1 using row 12 is 4.74937225897
DEBUG: MSO for reducing dimension 0 using row 12 is 6.66027888759
DEBUG: MSO for reducing dimension 2 using row 12 is 3.63245947376
DEBUG: MSO for reducing dimension 3 using row 12 is 65.4955236668
DEBUG: MSO for reducing dimension 1 using row 13 is 5.27745049982
DEBUG: MSO for reducing dimension 0 using row 13 is 6.73736826249
DEBUG: MSO for reducing dimension 2 using row 13 is 3.657770754
DEBUG: MSO for reducing dimension 3 using row 13 is 65.6131505882
DEBUG: MSO for reducing dimension 1 using row 14 is 5.27745300663
DEBUG: MSO for reducing dimension 0 using row 14 is 6.73736826249
DEBUG: MSO for reducing dimension 2 using row 14 is 3.69420147124
DEBUG: MSO for reducing dimension 3 using row 14 is 65.6806880533
DEBUG: MSO for reducing dimension 0 using row 15 is 6.68463086542
DEBUG: MSO for reducing dimension 1 using row 15 is 5.27745300663
DEBUG: MSO for reducing dimension 2 using row 15 is 3.69424517997
DEBUG: MSO for reducing dimension 3 using row 15 is 65.6806880533
DEBUG: MSO for reducing dimension 0 using row 16 is 6.73854474451
DEBUG: MSO for reducing dimension 1 using row 16 is 5.27745300663
DEBUG: MSO for reducing dimension 2 using row 16 is 3.73277958618
DEBUG: MSO for reducing dimension 3 using row 16 is 65.6806880533
DEBUG: MSO for reducing dimension 0 using row 17 is 6.70787555534
DEBUG: MSO for reducing dimension 1 using row 17 is 5.27745300663
DEBUG: MSO for reducing dimension 2 using row 17 is 3.80825321487
DEBUG: MSO for reducing dimension 3 using row 17 is 67.6949631252
DEBUG: MSO for reducing dimension 0 using row 18 is 6.73954615427
DEBUG: MSO for reducing dimension 1 using row 18 is 5.54312320258
DEBUG: MSO for reducing dimension 2 using row 18 is 3.8774814577
DEBUG: MSO for reducing dimension 3 using row 18 is 69.8776150996
DEBUG: MSO for reducing dimension 0 using row 19 is 6.74020983571
DEBUG: MSO for reducing dimension 1 using row 19 is 5.97831965728
DEBUG: MSO for reducing dimension 2 using row 19 is 3.94654488229
DEBUG: Thread 2 COMPLETED dimension reduction 2
DEBUG: Thread 2 queue size remaining 0 GOOD BYE
DEBUG: Thread 0 COMPLETED dimension reduction 0
DEBUG: Thread 0 queue size remaining 0 GOOD BYE
DEBUG: Thread 1 COMPLETED dimension reduction 1
DEBUG: Thread 1 queue size remaining 0 GOOD BYE
DEBUG: MSO for reducing dimension 3 using row 19 is 69.9124795609
DEBUG: Thread 3 COMPLETED dimension reduction 3
DEBUG: Thread 3 queue size remaining 0 GOOD BYE
