Loading data
Original POSP
Plan:MinCost:MaxCost
0:3764.0:3764.0
1:10440.0:16921.0
2:22799.0:22799.0
5:36504.0:102765.0
6:49970.0:139630.0
8:60176.0:135563.0
9:64271.0:82280.0
10:8046.0:24784.0
11:81626.0:136592.0
12:22513.0:63702.0
14:143195.0:238765.0
15:149033.0:239826.0
16:68973.0:197837.0
17:25279.0:170792.0
18:218350.0:231393.0
19:240979.0:241567.0
21:240433.0:255016.0
22:245565.0:255961.0
23:249037.0:257344.0
24:25597.0:170893.0
25:69307.0:197946.0
26:218664.0:231516.0
27:241248.0:241706.0
28:249195.0:281513.0
29:250875.0:284244.0
30:254447.0:284921.0
31:278630.0:284242.0
32:278058.0:278353.0
Original ESS, rho: 6 c_max: 284921.0 c_min 3764.0
Processing started.. (Refer run logs)
Forking 2 threads
Reducing dimension 1
Use selectivity row 41 with MSO 1.5624010784

Here's the Plan Bouquet
Plan Number : Min Cost : Max Budget : Overlap Factor
8:59328.0:138038.0:1.0
2:22799.0:66610.0:1.0
21:238808.0:257407.0:1.0
14:142333.0:241272.0:1.0
29:247151.0:286367.0:1.0
----------
Reducing dimension 0
Use selectivity row 16 with MSO 1.54119110201

Here's the Plan Bouquet
Plan Number : Min Cost : Max Budget : Overlap Factor
16:68875.0:198044.0:2.0
17:25172.0:170991.0:1.0
18:218200.0:277555.0:3.0
21:238662.0:284485.0:1.0
22:243740.0:285162.0:2.0
----------
