Loading data
Original ESS, rho: 13 c_max: 498885.98956 c_min 32047.57154
Processing started.. (Refer run logs)
Forking 3 threads
Reducing dimension 2
Use selectivity row 19 with MSO 0.849129253292

Here's the Plan Bouquet
Plan Number : Budget : Overlap Factor
1 : 83686.89978 : 2.0
4 : 87647.58788 : 2.0
6 : 87648.12038 : 6.0
7 : 81501.09053 : 15.0
8 : 87654.77538 : 6.0
9 : 83523.45355 : 200.0
14 : 87078.941642 : 1.0
16 : 242526.001129 : 6.0
18 : 242780.178549 : 23.0
19 : 248786.536449 : 7.0
24 : 251011.807459 : 5.0
26 : 94202.464332 : 711.0
27 : 143187.97099 : 4.0
32 : 251431.551209 : 55.0
33 : 166789.83223 : 24.0
36 : 170715.49753 : 1.0
37 : 166956.50968 : 43.0
38 : 270375.154717 : 20.0
39 : 285734.543227 : 37.0
40 : 318871.706977 : 31.0
41 : 449384.18956 : 1.0
42 : 330700.914017 : 40.0
43 : 438227.41456 : 103.0
45 : 170722.15253 : 6.0
48 : 312289.851977 : 129.0
49 : 270525.766977 : 97.0
----------
Reducing dimension 0
Use selectivity row 9 with MSO 0.769230769231


Here's the Plan Bouquet
Plan Number : Budget : Overlap Factor
0 : 72582.7633 : 2.0
34 : 252847.39039 : 2.0
35 : 284283.94456 : 3.0
37 : 170723.89878 : 20.0
38 : 282872.223027 : 13.0
39 : 285734.543227 : 33.0
40 : 336744.043227 : 28.0
41 : 464448.93956 : 4.0
42 : 330700.914017 : 16.0
43 : 498885.98956 : 103.0
44 : 72583.0533 : 16.0
46 : 72585.5383 : 7.0
30 : 252757.12914 : 4.0
----------
Reducing dimension 1
Use selectivity row 19 with MSO 0.711718234746

Here's the Plan Bouquet
Plan Number : Budget : Overlap Factor
32 : 251135.483709 : 55.0
2 : 150061.09922 : 2.0
3 : 87006.31038 : 2.0
4 : 87006.45038 : 12.0
6 : 87006.91288 : 6.0
8 : 87013.69163 : 5.0
9 : 83523.45355 : 200.0
42 : 330700.914017 : 27.0
43 : 450295.96956 : 103.0
34 : 272311.44922 : 2.0
35 : 295951.06331 : 5.0
41 : 464448.93956 : 4.0
24 : 250671.327459 : 2.0
26 : 94202.464332 : 711.0
28 : 173532.76672 : 15.0
30 : 195476.54914 : 7.0
----------
