Loading data
Original ESS, rho: 124 c_max: 330339.138502 c_min 3943.449718
Processing started.. (Refer run logs)
Forking 4 threads
Reducing dimension 3
Use selectivity row 9 with MSO 0.221669117141

Here's the Plan Bouquet
Plan Number : Budget : Overlap Factor
129 : 279878.486558 : 561.0
131 : 362404.112252 : 19.0
4 : 43376.17325 : 1.0
136 : 263401.606362 : 19.0
9 : 249603.57169 : 6.0
10 : 187068.96319 : 11.0
267 : 314194.126161 : 256.0
12 : 249636.78985 : 20.0
145 : 264425.471522 : 54.0
260 : 276842.007267 : 1628.0
26 : 249579.366634 : 5.0
27 : 250444.305998 : 5.0
28 : 267209.917604 : 26.0
158 : 277097.577717 : 359.0
31 : 249658.404863 : 144.0
33 : 274044.776228 : 18.0
37 : 194159.671231 : 1.0
38 : 274070.241228 : 22.0
71 : 257598.100152 : 5.0
174 : 282982.559907 : 22.0
303 : 79401.651473 : 1277.0
304 : 202297.679851 : 800.0
72 : 250410.118532 : 2578.0
178 : 282960.071658 : 86.0
313 : 234241.348522 : 1160.0
314 : 264455.505272 : 2421.0
159 : 278500.832897 : 74.0
138 : 199909.003671 : 15.0
190 : 202271.816101 : 15.0
246 : 276649.789827 : 338.0
199 : 287364.426927 : 17.0
200 : 277331.798707 : 516.0
203 : 288222.039591 : 16.0
77 : 256078.584022 : 6579.0
80 : 258690.263713 : 2333.0
81 : 273817.318934 : 261.0
210 : 258395.949887 : 6545.0
83 : 276825.329447 : 34.0
218 : 276600.475647 : 636.0
219 : 276418.655971 : 1823.0
224 : 287223.891927 : 69.0
99 : 202142.174851 : 25.0
103 : 260972.687222 : 36.0
233 : 277146.963257 : 310.0
109 : 264245.214022 : 489.0
238 : 251046.466968 : 558.0
239 : 276461.961447 : 69.0
240 : 276561.888917 : 318.0
241 : 254403.2929 : 537.0
242 : 259997.473521 : 665.0
243 : 265584.169447 : 717.0
189 : 263433.492612 : 13.0
248 : 319464.602411 : 155.0
315 : 278937.940712 : 5105.0
250 : 350016.968738 : 81.0
254 : 277176.493007 : 6155.0
127 : 266930.671257 : 7510.0
----------
Reducing dimension 2
Use selectivity row 19 with MSO 0.315077823299

Here's the Plan Bouquet
Plan Number : Budget : Overlap Factor
213 : 295905.328502 : 114.0
131 : 288486.199752 : 25.0
4 : 249641.90985 : 6.0
6 : 5451.671008 : 7.0
8 : 9274.893963 : 41.0
172 : 239136.858424 : 86.0
10 : 187026.88844 : 7.0
194 : 20318.447559 : 306.0
142 : 281952.234752 : 1016.0
15 : 187068.71819 : 219.0
17 : 187068.84694 : 5729.0
67 : 85021.72135 : 1475.0
148 : 20175.408659 : 253.0
152 : 276317.474447 : 6222.0
26 : 249570.939184 : 19.0
28 : 249819.383587 : 3.0
29 : 83464.26224 : 106.0
31 : 249646.596184 : 97.0
160 : 246228.124484 : 30.0
34 : 84820.06405 : 1238.0
36 : 83534.21699 : 917.0
38 : 258169.085728 : 36.0
167 : 85812.6579 : 107.0
40 : 79433.95908 : 181.0
169 : 312891.719752 : 132.0
42 : 272562.669828 : 13.0
43 : 241324.252618 : 283.0
300 : 302946.974034 : 4062.0
301 : 322748.368502 : 1739.0
174 : 284177.529627 : 6.0
176 : 239362.448774 : 977.0
308 : 82613.538779 : 11.0
181 : 248191.234614 : 29.0
183 : 82176.89279 : 601.0
184 : 84409.59805 : 157.0
191 : 83963.580619 : 2.0
321 : 4871.120758 : 2.0
322 : 85929.134879 : 1054.0
195 : 5476.830858 : 99.0
69 : 247400.575631 : 22026.0
211 : 84340.54399 : 11057.0
199 : 287364.426927 : 18.0
200 : 266065.756097 : 896.0
241 : 253002.526057 : 1681.0
162 : 246198.677314 : 239.0
208 : 5527.228008 : 97.0
210 : 258203.903818 : 16157.0
83 : 276057.141947 : 26.0
85 : 276215.281947 : 223.0
89 : 120969.210436 : 2677.0
309 : 237291.566351 : 18.0
219 : 260939.96542 : 3056.0
220 : 188194.858554 : 29326.0
221 : 84341.76649 : 2214.0
97 : 85063.77605 : 1110.0
123 : 239183.376824 : 716.0
90 : 82008.70654 : 785.0
259 : 250060.71907 : 50.0
233 : 277176.534257 : 580.0
323 : 86108.619095 : 46400.0
225 : 188196.081054 : 7338.0
253 : 5640.990858 : 566.0
240 : 276749.681047 : 39.0
296 : 314918.458502 : 7270.0
243 : 265584.169447 : 603.0
116 : 20150.261309 : 314.0
297 : 301734.153177 : 1950.0
248 : 291609.953177 : 126.0
121 : 85314.7962 : 818.0
250 : 298510.807985 : 13.0
251 : 248992.535864 : 705.0
124 : 82033.85389 : 521.0
106 : 247614.052931 : 11066.0
166 : 244422.291271 : 3.0
----------
Reducing dimension 1
Use selectivity row 14 with MSO 0.422194996697

Here's the Plan Bouquet
Plan Number : Budget : Overlap Factor
0 : 4500.410298 : 2.0
1 : 83910.901869 : 3.0
2 : 241114.782371 : 4.0
131 : 288486.199752 : 27.0
6 : 62795.294307 : 17.0
7 : 5297.548778 : 134.0
8 : 22008.105599 : 73.0
137 : 245528.576311 : 28.0
138 : 187588.171781 : 16.0
139 : 83911.963119 : 28.0
140 : 85314.9612 : 375.0
141 : 273789.260484 : 411.0
142 : 281952.234752 : 1016.0
144 : 274479.222984 : 86.0
273 : 250522.890864 : 3130.0
148 : 22171.976949 : 259.0
22 : 249800.96442 : 4.0
26 : 249579.366634 : 11.0
27 : 249818.651087 : 5.0
28 : 258167.291978 : 30.0
29 : 83464.45474 : 154.0
31 : 249658.404863 : 175.0
33 : 258168.013228 : 29.0
162 : 247546.112314 : 158.0
163 : 247545.727314 : 60.0
37 : 186943.520901 : 2.0
38 : 258169.498228 : 94.0
167 : 86155.8204 : 76.0
296 : 332549.713502 : 3478.0
41 : 272534.874828 : 57.0
42 : 272569.569828 : 34.0
43 : 241328.622618 : 257.0
222 : 4875.863258 : 97.0
47 : 266211.977404 : 144.0
136 : 264295.775142 : 108.0
128 : 283433.371002 : 775.0
181 : 248191.234614 : 26.0
121 : 84967.2939 : 11005.0
58 : 85063.4398 : 165.0
266 : 59105.832817 : 589.0
190 : 187608.136781 : 16.0
191 : 83963.580619 : 17.0
192 : 249505.15617 : 40.0
194 : 22390.499599 : 314.0
195 : 62820.506657 : 514.0
196 : 5493.582008 : 365.0
71 : 259234.523232 : 114.0
268 : 4996.311718 : 384.0
203 : 288222.039591 : 17.0
34 : 84769.2666 : 7146.0
80 : 258690.263713 : 1909.0
81 : 273769.511264 : 253.0
83 : 276057.141947 : 41.0
213 : 295905.328502 : 116.0
215 : 62942.330757 : 265.0
267 : 299221.654427 : 274.0
169 : 320819.914752 : 129.0
199 : 287364.426927 : 17.0
224 : 287223.891927 : 22.0
97 : 85063.80355 : 752.0
99 : 187587.538031 : 27.0
100 : 244295.582961 : 55.0
101 : 82519.487529 : 53.0
102 : 85313.98495 : 469.0
103 : 260972.687222 : 275.0
208 : 4827.868428 : 1750.0
272 : 86014.97915 : 842.0
189 : 266032.761452 : 40.0
116 : 22050.152849 : 596.0
297 : 301734.153177 : 5447.0
248 : 294289.121927 : 186.0
249 : 246977.265864 : 92.0
250 : 316818.126534 : 88.0
251 : 251178.398364 : 750.0
166 : 245551.648811 : 19.0
253 : 63169.779507 : 696.0
85 : 276548.019447 : 215.0
----------
Reducing dimension 0
Use selectivity row 19 with MSO 0.344782894634

Here's the Plan Bouquet
Plan Number : Budget : Overlap Factor
0 : 4500.410298 : 2.0
1 : 81331.021779 : 2.0
2 : 239986.164171 : 4.0
6 : 5451.671008 : 8.0
8 : 22008.105599 : 73.0
11 : 4628.264378 : 133.0
37 : 183640.526341 : 1.0
40 : 85012.43507 : 102.0
71 : 263400.202612 : 35.0
89 : 242786.888254 : 2170.0
90 : 83935.12744 : 897.0
92 : 272932.113464 : 130.0
94 : 272932.754714 : 1047.0
99 : 183641.167591 : 27.0
100 : 239986.805421 : 56.0
101 : 81331.663029 : 53.0
103 : 263400.843862 : 303.0
116 : 22050.152849 : 427.0
123 : 245668.870034 : 705.0
124 : 85117.40437 : 529.0
135 : 272933.517214 : 523.0
136 : 263401.606362 : 130.0
137 : 239987.114171 : 29.0
138 : 183641.930091 : 16.0
139 : 81332.425529 : 29.0
143 : 184665.795251 : 134.0
144 : 274393.122984 : 111.0
145 : 264425.471522 : 103.0
146 : 240626.581131 : 84.0
147 : 82356.290689 : 72.0
148 : 22171.976949 : 259.0
158 : 278499.949147 : 141.0
159 : 280377.736697 : 61.0
160 : 245935.815644 : 25.0
166 : 240015.164171 : 23.0
167 : 86012.0204 : 86.0
172 : 245568.223184 : 66.0
174 : 282976.207407 : 29.0
176 : 245894.295384 : 1151.0
178 : 282287.713963 : 67.0
180 : 272958.885964 : 196.0
181 : 248191.234614 : 24.0
183 : 84275.47419 : 648.0
184 : 84403.21805 : 129.0
186 : 245919.386413 : 248.0
189 : 263427.112612 : 57.0
190 : 183667.436341 : 18.0
191 : 81357.931779 : 20.0
192 : 248235.21867 : 41.0
194 : 22390.499599 : 314.0
195 : 5476.898358 : 108.0
197 : 238533.248634 : 114.0
199 : 288584.610677 : 14.0
200 : 282594.285107 : 670.0
203 : 289582.685038 : 14.0
208 : 5607.124908 : 113.0
218 : 277634.167807 : 30.0
222 : 4500.657798 : 171.0
224 : 289094.901927 : 72.0
229 : 239080.100994 : 141.0
233 : 279950.585497 : 36.0
236 : 4689.812558 : 255.0
237 : 85869.094879 : 2729.0
238 : 276378.859597 : 66.0
240 : 276561.888917 : 43.0
246 : 276649.789827 : 457.0
247 : 239197.023144 : 924.0
248 : 291033.103177 : 129.0
249 : 246940.527114 : 293.0
250 : 298010.131146 : 82.0
251 : 250505.142114 : 827.0
253 : 5825.647558 : 613.0
258 : 78309.13955 : 8411.0
259 : 249797.68782 : 877.0
260 : 276745.871047 : 3148.0
263 : 77830.51072 : 5922.0
264 : 239310.082484 : 6471.0
266 : 4645.226248 : 622.0
267 : 293582.459427 : 251.0
268 : 4996.064218 : 554.0
269 : 4690.417558 : 2117.0
270 : 78405.22077 : 10539.0
272 : 85413.44415 : 3381.0
273 : 247502.424614 : 4747.0
296 : 321089.373502 : 14.0
297 : 296070.645677 : 6034.0
299 : 4996.256718 : 14979.0
300 : 297135.349637 : 4034.0
301 : 318019.538502 : 1583.0
303 : 79141.403163 : 1007.0
304 : 79590.568733 : 546.0
306 : 45711.449559 : 5762.0
308 : 24558.389727 : 1478.0
309 : 85338.710288 : 1523.0
310 : 165565.299741 : 7600.0
311 : 187941.718737 : 19000.0
312 : 7843.715019 : 6280.0
313 : 231109.718892 : 33570.0
314 : 237803.976012 : 5283.0
315 : 273271.676927 : 9665.0
316 : 274455.641734 : 46400.0
317 : 223639.351131 : 4984.0
318 : 246394.250966 : 6825.0
319 : 4052.938478 : 912.0
320 : 63260.303569 : 4036.0
321 : 4501.844048 : 4693.0
322 : 85732.696094 : 15442.0
323 : 86108.619095 : 46400.0
----------





Loading data
Original ESS, rho: 124 c_max: 330339.138502 c_min 3943.449718
Processing started.. (Refer run logs)
Forking 4 threads
Reducing dimension 3
Use selectivity row 9 with MSO 0.221669117141

Here's the Plan Bouquet
Plan Number : Min Cost : Max Budget : Overlap Factor
129:253965.920057:279878.486558:561.0
131:259600.037252:362404.112252:19.0
4:41988.80235:43376.17325:1.0
136:216775.214342:263401.606362:19.0
9:42096.90355:249603.57169:6.0
10:42096.92689:187068.96319:11.0
267:257852.27481:314194.126161:256.0
12:42960.33129:249636.78985:20.0
145:234473.940652:264425.471522:54.0
260:249399.038199:276842.007267:1628.0
26:45664.75522:249579.366634:5.0
27:45673.04642:250444.305998:5.0
28:45690.02757:267209.917604:26.0
158:250054.79161:277097.577717:359.0
31:45715.20492:249658.404863:144.0
33:45727.78732:274044.776228:18.0
37:79009.975135:194159.671231:1.0
38:53429.35405:274070.241228:22.0
71:216665.651832:257598.100152:5.0
174:250055.97536:282982.559907:22.0
303:79127.218299:79401.651473:1277.0
304:79471.386359:202297.679851:800.0
72:234472.068152:250410.118532:2578.0
178:253966.717557:282960.071658:86.0
313:217035.462652:234241.348522:1160.0
314:234526.609402:264455.505272:2421.0
159:250055.13661:278500.832897:74.0
138:79141.536243:199909.003671:15.0
190:79514.462295:202271.816101:15.0
246:249233.627803:276649.789827:338.0
199:256445.839149:287364.426927:17.0
200:249661.471939:277331.798707:516.0
203:256907.103177:288222.039591:16.0
77:247103.925362:256078.584022:6579.0
80:258643.873292:258690.263713:2333.0
81:258643.908292:273817.318934:261.0
210:254432.704419:258395.949887:6545.0
83:258644.379542:276825.329447:34.0
218:250054.66536:276600.475647:636.0
219:254433.874419:276418.655971:1823.0
224:256675.921233:287223.891927:69.0
99:79068.329389:202142.174851:25.0
103:216716.311682:260972.687222:36.0
233:249241.704603:277146.963257:310.0
109:234472.830652:264245.214022:489.0
238:251046.466968:251319.854188:582.0
239:248964.410659:276461.961447:69.0
240:249047.990709:276561.888917:318.0
241:248981.023779:254403.2929:537.0
242:249149.756743:259997.473521:665.0
243:249031.185809:265584.169447:717.0
189:217170.138992:263433.492612:13.0
248:257848.70731:319464.602411:155.0
315:256898.520009:278937.940712:5105.0
250:257511.674928:350016.968738:81.0
254:249796.811523:277176.493007:6155.0
127:254553.929179:266930.671257:7510.0
----------
Reducing dimension 2
Use selectivity row 8 with MSO 0.32163849426

Here's the Plan Bouquet
Plan Number : Min Cost : Max Budget : Overlap Factor
0:3943.449718:4876.360758:1.0
1:4067.628718:106894.345329:3.0
2:5268.689323:247160.779431:3.0
131:259600.037252:288486.199752:27.0
4:41988.80235:43376.17325:2.0
129:251571.743195:280368.322757:45.0
9:42096.90355:249603.57169:8.0
128:261869.946002:273313.859752:1729.0
139:4194.105508:109938.170429:28.0
12:42105.20809:249636.78985:11.0
146:43997.752323:254187.280771:21.0
46:43995.654823:240486.844881:425.0
26:44650.891893:249579.366634:17.0
27:45093.247657:249818.651087:4.0
28:45110.228807:258175.779478:11.0
158:251275.030386:277097.577717:296.0
159:251275.212886:278500.832897:83.0
166:5773.176483:252625.194971:16.0
41:75065.912492:272534.874828:58.0
42:75066.909992:272569.569828:30.0
178:251730.379085:282960.071658:26.0
174:251276.010386:282982.559907:27.0
47:75065.184992:272534.057328:35.0
306:4177.177478:45711.449559:5762.0
308:4521.345538:60376.892689:1858.0
309:5638.500143:215911.090251:1563.0
137:5403.742583:252596.429971:22.0
315:258622.516609:283973.984237:4146.0
317:44060.908573:254232.315771:1639.0
191:4572.115878:109969.891679:19.0
199:257410.987908:296165.075677:18.0
73:54682.656563:247742.474701:1419.0
203:258159.868455:288222.039591:17.0
80:258643.873292:275946.198197:168.0
81:258643.908292:275947.665697:196.0
83:258644.379542:276825.329447:33.0
213:262048.563502:346514.392252:58.0
218:251457.395968:276627.155987:33.0
224:257504.214158:301026.795677:59.0
100:5327.806313:248902.991621:42.0
101:4118.288568:109937.407929:53.0
110:43996.519823:253974.295771:246.0
239:249927.770618:276461.961447:45.0
240:249977.932648:276846.694767:116.0
238:251046.466968:271011.042191:1046.0
250:258808.544557:333417.48509:83.0
127:251571.034445:277644.392691:23.0
----------
Reducing dimension 1
Use selectivity row 14 with MSO 0.422194996697

Here's the Plan Bouquet
Plan Number : Min Cost : Max Budget : Overlap Factor
0:3943.449718:4500.410298:2.0
1:4067.628718:83910.901869:3.0
2:5268.689323:241114.782371:4.0
131:259924.922252:288486.199752:27.0
6:4080.410478:62795.294307:17.0
7:4113.581358:5297.548778:134.0
8:9274.893963:22008.105599:73.0
137:5403.742583:245528.576311:28.0
138:79127.232049:187588.171781:16.0
139:4177.191228:83911.963119:28.0
140:63485.501224:85314.9612:375.0
141:187608.884987:273789.260484:411.0
142:261151.882252:281952.234752:1016.0
144:187610.373737:274479.222984:86.0
273:124155.799626:250522.890864:3130.0
148:9416.545823:22171.976949:259.0
22:42430.54615:249800.96442:4.0
26:44269.086597:249579.366634:11.0
27:44277.377797:249818.651087:5.0
28:44294.358947:258167.291978:30.0
29:45727.84232:83464.45474:154.0
31:45135.406157:249658.404863:175.0
33:45727.78732:258168.013228:29.0
162:122678.913326:247546.112314:158.0
163:122687.228276:247545.727314:60.0
37:79026.126679:186943.520901:2.0
38:56148.180695:258169.498228:94.0
167:63735.752724:86155.8204:76.0
296:281518.883502:332549.713502:3478.0
41:75065.912492:272534.874828:57.0
42:75066.909992:272569.569828:34.0
43:75069.138742:241328.622618:257.0
222:3994.079568:4875.863258:97.0
47:75065.709992:266211.977404:144.0
136:225927.154982:264295.775142:108.0
128:261869.741002:283433.371002:775.0
181:123128.622126:248191.234614:26.0
121:63503.171224:85104.5362:11145.0
58:63287.473924:85063.4398:165.0
266:4088.726678:59105.832817:589.0
190:79471.413859:187608.136781:16.0
191:4521.373038:83963.580619:17.0
192:123300.714173:249505.15617:40.0
194:9754.702163:22390.499599:314.0
195:4138.839068:62820.506657:514.0
196:4180.306508:5493.582008:365.0
71:225851.742192:259234.523232:114.0
268:4180.579538:4996.311718:384.0
203:258618.546537:288222.039591:17.0
34:63305.143924:84786.1215:7183.0
80:258643.873292:258690.263713:1909.0
81:258643.995792:273769.511264:253.0
83:258644.979542:276057.141947:41.0
213:262086.207252:295905.328502:116.0
215:4197.172658:62942.330757:265.0
267:259492.768158:299221.654427:274.0
169:262933.473502:320819.914752:129.0
199:258457.720658:287364.426927:17.0
224:258457.725658:287223.891927:22.0
97:63337.923624:85063.80355:752.0
99:79068.329389:187587.538031:27.0
100:5327.806313:244295.582961:55.0
101:4118.288568:82519.487529:53.0
102:63480.509324:85313.98495:469.0
103:225885.327182:260972.687222:275.0
208:4259.596918:4933.027628:1815.0
272:63975.776474:86014.97915:842.0
189:226156.297412:266032.761452:40.0
116:9341.619113:22050.152849:596.0
297:275076.45433:301734.153177:5447.0
248:259452.931908:294289.121927:186.0
249:123125.488376:246977.265864:92.0
250:259430.271233:316818.126534:88.0
251:124152.232126:251178.398364:750.0
166:5773.176483:245551.648811:19.0
253:4560.218678:63169.779507:696.0
85:258652.400792:276548.019447:215.0
----------
Reducing dimension 0
Use selectivity row 18 with MSO 0.403432856187

Here's the Plan Bouquet
Plan Number : Min Cost : Max Budget : Overlap Factor
0:3943.449718:4500.410298:2.0
1:4067.628718:81331.021779:2.0
2:5268.689323:239986.164171:4.0
6:4080.410478:5451.671008:8.0
8:9274.893963:22008.105599:73.0
11:4088.691678:4628.264378:133.0
37:79026.126679:183640.526341:1.0
40:56268.056734:85012.43507:102.0
71:225851.742192:263400.202612:35.0
89:115792.948146:242786.888254:2170.0
90:56334.831884:83935.12744:897.0
92:180585.415297:272932.113464:133.0
94:180627.346847:272932.754714:1096.0
99:79068.329389:183641.167591:27.0
100:5327.806313:239986.805421:56.0
101:4118.288568:81331.663029:53.0
103:225885.327182:263400.843862:303.0
116:4171.857308:22050.152849:427.0
122:116358.372676:245906.583144:50.0
123:115818.095496:245668.870034:705.0
124:56563.659124:85117.40437:529.0
135:180823.049287:272933.517214:535.0
136:225927.154982:263401.606362:130.0
137:5403.742583:239987.114171:29.0
138:79127.232049:183641.930091:16.0
139:4177.191228:81332.425529:29.0
143:165511.580991:184700.407751:132.0
144:187623.097487:274479.222984:129.0
145:237750.257262:264460.084022:101.0
146:100788.635268:240657.743631:83.0
147:41776.499227:82390.903189:70.0
148:9416.545823:22171.976949:259.0
158:251499.327518:277634.536557:145.0
159:251516.285638:280377.736697:62.0
160:116359.500176:245942.993144:50.0
166:5773.176483:240022.066671:23.0
167:63749.485224:86012.0204:86.0
169:260939.464752:324693.317252:78.0
172:115676.333636:245568.223184:66.0
174:251683.200588:282982.559907:29.0
176:116794.162516:245894.295384:1151.0
178:253966.002557:282292.773963:70.0
180:180823.888037:272965.238464:196.0
181:123159.837126:248191.234614:24.0
183:56702.684274:84275.47419:648.0
184:57627.960554:84409.59805:129.0
186:187477.015314:245926.563913:248.0
189:226156.297412:263433.492612:57.0
190:79471.413859:183673.816341:18.0
191:4521.373038:81364.311779:20.0
192:123306.880215:248235.21867:41.0
194:9754.702163:22390.499599:314.0
195:4130.369118:5476.898358:108.0
197:115684.624836:238722.126244:114.0
199:258502.798158:287364.426927:19.0
200:251589.139088:282594.285107:675.0
203:258625.127787:288222.039591:18.0
208:4180.579538:5607.124908:113.0
213:259886.253502:295905.328502:10.0
217:115776.129956:239079.732244:165.0
218:251498.928768:277076.707367:33.0
222:3994.079568:4500.657798:171.0
224:258598.036908:287223.891927:78.0
229:115784.825266:239080.100994:885.0
233:251146.773358:279950.585497:273.0
236:4052.952228:4689.812558:231.0
237:64207.872333:86132.200345:2209.0
238:251046.466968:276378.859597:66.0
239:251054.763528:276511.740807:52.0
240:251071.755398:276561.888917:398.0
243:251046.563408:277012.174307:40.0
246:251142.742638:276649.789827:457.0
247:115810.018696:239197.023144:924.0
248:259452.931908:296423.159427:185.0
249:123256.737126:246977.265864:293.0
250:259430.271233:298510.807985:92.0
251:124152.232126:250505.142114:827.0
252:277063.152252:330506.737252:1300.0
253:4560.218678:5825.647558:613.0
258:77830.57197:78309.13955:8411.0
259:124127.558152:251036.668109:867.0
260:251536.847248:276746.118547:3148.0
261:77763.36884:77763.50509:20529.0
263:77763.63134:77830.51072:8291.0
264:183011.707834:239310.384984:6472.0
266:4138.823708:4645.226248:622.0
267:259492.768158:302585.580677:270.0
268:4193.141938:4996.311718:535.0
269:4447.616878:4871.175758:1522.0
270:78309.38705:78405.46827:10540.0
272:85272.8654:85668.1129:3424.0
273:124155.799626:248749.919614:4793.0
300:272605.340038:302946.974034:4281.0
----------


